#
# There is insufficient memory for the Java Runtime Environment to continue.
# Native memory allocation (malloc) failed to allocate 1176016 bytes for Chunk::new
# Possible reasons:
#   The system is out of physical RAM or swap space
#   The process is running with CompressedOops enabled, and the Java Heap may be blocking the growth of the native heap
# Possible solutions:
#   Reduce memory load on the system
#   Increase physical memory or swap space
#   Check if swap backing store is full
#   Decrease Java heap size (-Xmx/-Xms)
#   Decrease number of Java threads
#   Decrease Java thread stack sizes (-Xss)
#   Set larger code cache with -XX:ReservedCodeCacheSize=
#   JVM is running with Unscaled Compressed Oops mode in which the Java heap is
#     placed in the first 4GB address space. The Java Heap base address is the
#     maximum limit for the native heap growth. Please use -XX:HeapBaseMinAddress
#     to set the Java Heap base and to place the Java Heap above 4GB virtual address.
# This output file may be truncated or incomplete.
#
#  Out of Memory Error (arena.cpp:189), pid=33860, tid=49240
#
# JRE version: OpenJDK Runtime Environment (17.0.6) (build 17.0.6+0-b2043.56-9586694)
# Java VM: OpenJDK 64-Bit Server VM (17.0.6+0-b2043.56-9586694, mixed mode, tiered, compressed oops, compressed class ptrs, g1 gc, windows-amd64)
# No core dump will be written. Minidumps are not enabled by default on client versions of Windows
#

---------------  S U M M A R Y ------------

Command Line: --add-opens=java.base/java.util=ALL-UNNAMED --add-opens=java.base/java.lang=ALL-UNNAMED --add-opens=java.base/java.lang.invoke=ALL-UNNAMED --add-opens=java.prefs/java.util.prefs=ALL-UNNAMED --add-opens=java.base/java.nio.charset=ALL-UNNAMED --add-opens=java.base/java.net=ALL-UNNAMED --add-opens=java.base/java.util.concurrent.atomic=ALL-UNNAMED -Xmx2048m -Dfile.encoding=UTF-8 -Duser.country=IN -Duser.language=en -Duser.variant org.gradle.launcher.daemon.bootstrap.GradleDaemon 8.0

Host: AMD Ryzen 5 3500U with Radeon Vega Mobile Gfx  , 8 cores, 5G,  Windows 11 , 64 bit Build 22621 (10.0.22621.1778)
Time: Mon Dec  4 21:17:13 2023 India Standard Time elapsed time: 73.037581 seconds (0d 0h 1m 13s)

---------------  T H R E A D  ---------------

Current thread (0x000002211f027d50):  JavaThread "C2 CompilerThread0" daemon [_thread_in_native, id=49240, stack(0x0000002a5e500000,0x0000002a5e600000)]


Current CompileTask:
C2:  73037 12022       4       com.android.ide.common.resources.NodeUtils::duplicateNode (315 bytes)

Stack: [0x0000002a5e500000,0x0000002a5e600000]
Native frames: (J=compiled Java code, j=interpreted, Vv=VM code, C=native code)
V  [jvm.dll+0x683b4a]
V  [jvm.dll+0x842654]
V  [jvm.dll+0x843dfe]
V  [jvm.dll+0x844463]
V  [jvm.dll+0x249b75]
V  [jvm.dll+0xabcac]
V  [jvm.dll+0xac27c]
V  [jvm.dll+0x368802]
V  [jvm.dll+0x332f31]
V  [jvm.dll+0x3323da]
V  [jvm.dll+0x21c201]
V  [jvm.dll+0x21b621]
V  [jvm.dll+0x1a4fdd]
V  [jvm.dll+0x22b098]
V  [jvm.dll+0x229159]
V  [jvm.dll+0x7f809c]
V  [jvm.dll+0x7f25fa]
V  [jvm.dll+0x682985]
C  [ucrtbase.dll+0x29363]
C  [KERNEL32.DLL+0x126ad]
C  [ntdll.dll+0x5a9f8]


---------------  P R O C E S S  ---------------

Threads class SMR info:
_java_thread_list=0x000002212606e5a0, length=144, elements={
0x0000022104847c10, 0x000002211e6b5250, 0x000002211e67ea40, 0x000002211e69f7f0,
0x000002211e6a23b0, 0x000002211e6a2e60, 0x000002211f026010, 0x000002211f027d50,
0x000002211f028c00, 0x000002211f037240, 0x000002211f1a09e0, 0x000002211f1b3db0,
0x00000221206eba80, 0x00000221209af7c0, 0x000002211fe7a200, 0x0000022121747830,
0x000002212215a020, 0x000002211fed0f00, 0x0000022121498060, 0x0000022120923940,
0x0000022120923e10, 0x00000221209242e0, 0x0000022120921c60, 0x0000022120922600,
0x0000022120922ad0, 0x0000022120920df0, 0x00000221209212c0, 0x0000022120921790,
0x000002211f38fae0, 0x000002211f395b20, 0x000002211f395650, 0x000002211f3934a0,
0x000002211f393970, 0x000002211f38ec70, 0x000002211f395180, 0x000002211f392b00,
0x000002211f38f140, 0x000002211f393e40, 0x000002211f38ffb0, 0x000002211f3912f0,
0x000002211f3947e0, 0x000002211f38f610, 0x000002211f394cb0, 0x000002211f390480,
0x000002211f390950, 0x000002211f390e20, 0x0000022125d59f20, 0x0000022125d58240,
0x0000022125d578a0, 0x0000022125d58710, 0x0000022125d55220, 0x0000022125d57d70,
0x0000022125d53a10, 0x0000022125d52ba0, 0x0000022125d556f0, 0x0000022125d58be0,
0x0000022125d59580, 0x0000022125d590b0, 0x0000022125d59a50, 0x0000022125d5a3f0,
0x0000022125d543b0, 0x0000022125d53540, 0x0000022125d53070, 0x0000022125d55bc0,
0x0000022125d56f00, 0x0000022125d56090, 0x0000022125d56560, 0x0000022125d53ee0,
0x0000022125d54880, 0x0000022125d56a30, 0x0000022125d573d0, 0x0000022125d54d50,
0x00000221261fbb80, 0x00000221261fd860, 0x00000221261fc050, 0x00000221261fe6d0,
0x00000221261fad10, 0x00000221261fb1e0, 0x00000221261ff540, 0x0000022126200880,
0x00000221261fa370, 0x00000221261fe200, 0x00000221261fc520, 0x00000221262016f0,
0x0000022126201220, 0x00000221261ff070, 0x00000221261feba0, 0x00000221261fc9f0,
0x0000022126200d50, 0x0000022126201bc0, 0x00000221261fb6b0, 0x00000221261fcec0,
0x00000221261fa840, 0x00000221261fd390, 0x00000221261fdd30, 0x00000221261ffa10,
0x00000221261ffee0, 0x00000221262003b0, 0x000002212625eb30, 0x0000022126260340,
0x000002212625d320, 0x000002212625f000, 0x0000022126261680, 0x000002212625fe70,
0x00000221262611b0, 0x0000022126260ce0, 0x000002212625f4d0, 0x00000221262629c0,
0x000002212625ce50, 0x0000022126262020, 0x0000022126260810, 0x0000022126263830,
0x000002212625f9a0, 0x0000022126261b50, 0x00000221262624f0, 0x0000022126262e90,
0x000002212625d7f0, 0x000002212625e190, 0x000002212625dcc0, 0x0000022126263360,
0x0000022126263d00, 0x00000221262641d0, 0x000002212625e660, 0x0000022123607750,
0x000002212360dc60, 0x000002212360ead0, 0x000002212360e600, 0x000002212360bf80,
0x000002212360a770, 0x0000022123607280, 0x000002212360ac40, 0x000002212360bab0,
0x0000022123607c20, 0x00000221236080f0, 0x00000221236085c0, 0x000002212360c450,
0x0000022123608a90, 0x0000022123608f60, 0x0000022123609dd0, 0x000002212360cdf0,
0x000002212360d2c0, 0x0000022126329aa0, 0x000002212632ade0, 0x0000022126327420
}

Java Threads: ( => current thread )
  0x0000022104847c10 JavaThread "main" [_thread_blocked, id=35908, stack(0x0000002a5d800000,0x0000002a5d900000)]
  0x000002211e6b5250 JavaThread "Reference Handler" daemon [_thread_blocked, id=43144, stack(0x0000002a5df00000,0x0000002a5e000000)]
  0x000002211e67ea40 JavaThread "Finalizer" daemon [_thread_blocked, id=48480, stack(0x0000002a5e000000,0x0000002a5e100000)]
  0x000002211e69f7f0 JavaThread "Signal Dispatcher" daemon [_thread_blocked, id=50092, stack(0x0000002a5e100000,0x0000002a5e200000)]
  0x000002211e6a23b0 JavaThread "Attach Listener" daemon [_thread_blocked, id=15980, stack(0x0000002a5e200000,0x0000002a5e300000)]
  0x000002211e6a2e60 JavaThread "Service Thread" daemon [_thread_blocked, id=29236, stack(0x0000002a5e300000,0x0000002a5e400000)]
  0x000002211f026010 JavaThread "Monitor Deflation Thread" daemon [_thread_blocked, id=47504, stack(0x0000002a5e400000,0x0000002a5e500000)]
=>0x000002211f027d50 JavaThread "C2 CompilerThread0" daemon [_thread_in_native, id=49240, stack(0x0000002a5e500000,0x0000002a5e600000)]
  0x000002211f028c00 JavaThread "C1 CompilerThread0" daemon [_thread_blocked, id=41832, stack(0x0000002a5e600000,0x0000002a5e700000)]
  0x000002211f037240 JavaThread "Sweeper thread" daemon [_thread_blocked, id=42452, stack(0x0000002a5e700000,0x0000002a5e800000)]
  0x000002211f1a09e0 JavaThread "Common-Cleaner" daemon [_thread_blocked, id=48028, stack(0x0000002a5e800000,0x0000002a5e900000)]
  0x000002211f1b3db0 JavaThread "Notification Thread" daemon [_thread_blocked, id=50136, stack(0x0000002a5e900000,0x0000002a5ea00000)]
  0x00000221206eba80 JavaThread "Daemon health stats" [_thread_blocked, id=47244, stack(0x0000002a5ef00000,0x0000002a5f000000)]
  0x00000221209af7c0 JavaThread "Incoming local TCP Connector on port 56620" [_thread_in_native, id=22984, stack(0x0000002a5f000000,0x0000002a5f100000)]
  0x000002211fe7a200 JavaThread "Daemon periodic checks" [_thread_blocked, id=49160, stack(0x0000002a5f100000,0x0000002a5f200000)]
  0x0000022121747830 JavaThread "Daemon" [_thread_blocked, id=22620, stack(0x0000002a5f200000,0x0000002a5f300000)]
  0x000002212215a020 JavaThread "Handler for socket connection from /127.0.0.1:56620 to /127.0.0.1:56622" [_thread_in_native, id=44216, stack(0x0000002a5f300000,0x0000002a5f400000)]
  0x000002211fed0f00 JavaThread "Cancel handler" [_thread_blocked, id=36820, stack(0x0000002a5f400000,0x0000002a5f500000)]
  0x0000022121498060 JavaThread "Daemon worker" [_thread_blocked, id=27792, stack(0x0000002a5f500000,0x0000002a5f600000)]
  0x0000022120923940 JavaThread "Asynchronous log dispatcher for DefaultDaemonConnection: socket connection from /127.0.0.1:56620 to /127.0.0.1:56622" [_thread_blocked, id=14832, stack(0x0000002a5f600000,0x0000002a5f700000)]
  0x0000022120923e10 JavaThread "Stdin handler" [_thread_blocked, id=46172, stack(0x0000002a5f700000,0x0000002a5f800000)]
  0x00000221209242e0 JavaThread "Daemon client event forwarder" [_thread_blocked, id=49760, stack(0x0000002a5f800000,0x0000002a5f900000)]
  0x0000022120921c60 JavaThread "Cache worker for journal cache (C:\Users\noobs\.gradle\caches\journal-1)" [_thread_blocked, id=1016, stack(0x0000002a5fd00000,0x0000002a5fe00000)]
  0x0000022120922600 JavaThread "File lock request listener" [_thread_in_native, id=49384, stack(0x0000002a5fe00000,0x0000002a5ff00000)]
  0x0000022120922ad0 JavaThread "Cache worker for file hash cache (C:\Users\noobs\.gradle\caches\8.0\fileHashes)" [_thread_blocked, id=33392, stack(0x0000002a5ff00000,0x0000002a60000000)]
  0x0000022120920df0 JavaThread "File watcher server" daemon [_thread_in_native, id=44596, stack(0x0000002a60000000,0x0000002a60100000)]
  0x00000221209212c0 JavaThread "File watcher consumer" daemon [_thread_blocked, id=48784, stack(0x0000002a60100000,0x0000002a60200000)]
  0x0000022120921790 JavaThread "Cache worker for checksums cache (C:\Users\noobs\AndroidStudioProjects\H_Media\.gradle\8.0\checksums)" [_thread_blocked, id=36724, stack(0x0000002a60200000,0x0000002a60300000)]
  0x000002211f38fae0 JavaThread "Cache worker for cache directory md-rule (C:\Users\noobs\.gradle\caches\8.0\md-rule)" [_thread_blocked, id=47336, stack(0x0000002a60300000,0x0000002a60400000)]
  0x000002211f395b20 JavaThread "Cache worker for file content cache (C:\Users\noobs\.gradle\caches\8.0\fileContent)" [_thread_blocked, id=46104, stack(0x0000002a60400000,0x0000002a60500000)]
  0x000002211f395650 JavaThread "Cache worker for file hash cache (C:\Users\noobs\AndroidStudioProjects\H_Media\.gradle\8.0\fileHashes)" [_thread_blocked, id=46796, stack(0x0000002a60500000,0x0000002a60600000)]
  0x000002211f3934a0 JavaThread "Cache worker for cache directory md-supplier (C:\Users\noobs\.gradle\caches\8.0\md-supplier)" [_thread_blocked, id=38944, stack(0x0000002a60600000,0x0000002a60700000)]
  0x000002211f393970 JavaThread "Cache worker for execution history cache (C:\Users\noobs\.gradle\caches\8.0\executionHistory)" [_thread_blocked, id=43492, stack(0x0000002a60700000,0x0000002a60800000)]
  0x000002211f38ec70 JavaThread "jar transforms" [_thread_blocked, id=49716, stack(0x0000002a60800000,0x0000002a60900000)]
  0x000002211f395180 JavaThread "jar transforms Thread 2" [_thread_blocked, id=37972, stack(0x0000002a60900000,0x0000002a60a00000)]
  0x000002211f392b00 JavaThread "jar transforms Thread 3" [_thread_blocked, id=45124, stack(0x0000002a60b00000,0x0000002a60c00000)]
  0x000002211f38f140 JavaThread "jar transforms Thread 4" [_thread_blocked, id=33816, stack(0x0000002a60c00000,0x0000002a60d00000)]
  0x000002211f393e40 JavaThread "Cache worker for dependencies-accessors (C:\Users\noobs\AndroidStudioProjects\H_Media\.gradle\8.0\dependencies-accessors)" [_thread_blocked, id=14204, stack(0x0000002a60e00000,0x0000002a60f00000)]
  0x000002211f38ffb0 JavaThread "jar transforms Thread 5" [_thread_blocked, id=47356, stack(0x0000002a60d00000,0x0000002a60e00000)]
  0x000002211f3912f0 JavaThread "Cache worker for Build Output Cleanup Cache (C:\Users\noobs\AndroidStudioProjects\H_Media\.gradle\buildOutputCleanup)" [_thread_blocked, id=48848, stack(0x0000002a61200000,0x0000002a61300000)]
  0x000002211f3947e0 JavaThread "Unconstrained build operations" [_thread_blocked, id=30708, stack(0x0000002a61400000,0x0000002a61500000)]
  0x000002211f38f610 JavaThread "Unconstrained build operations Thread 2" [_thread_blocked, id=36900, stack(0x0000002a61500000,0x0000002a61600000)]
  0x000002211f394cb0 JavaThread "Unconstrained build operations Thread 3" [_thread_blocked, id=33852, stack(0x0000002a61600000,0x0000002a61700000)]
  0x000002211f390480 JavaThread "Unconstrained build operations Thread 4" [_thread_blocked, id=35300, stack(0x0000002a61700000,0x0000002a61800000)]
  0x000002211f390950 JavaThread "Unconstrained build operations Thread 5" [_thread_blocked, id=22880, stack(0x0000002a61800000,0x0000002a61900000)]
  0x000002211f390e20 JavaThread "Unconstrained build operations Thread 6" [_thread_blocked, id=1192, stack(0x0000002a61900000,0x0000002a61a00000)]
  0x0000022125d59f20 JavaThread "Unconstrained build operations Thread 7" [_thread_blocked, id=42848, stack(0x0000002a61a00000,0x0000002a61b00000)]
  0x0000022125d58240 JavaThread "Unconstrained build operations Thread 8" [_thread_blocked, id=17376, stack(0x0000002a61b00000,0x0000002a61c00000)]
  0x0000022125d578a0 JavaThread "Unconstrained build operations Thread 9" [_thread_blocked, id=37760, stack(0x0000002a61c00000,0x0000002a61d00000)]
  0x0000022125d58710 JavaThread "Unconstrained build operations Thread 10" [_thread_blocked, id=30648, stack(0x0000002a61d00000,0x0000002a61e00000)]
  0x0000022125d55220 JavaThread "Unconstrained build operations Thread 11" [_thread_blocked, id=48352, stack(0x0000002a61e00000,0x0000002a61f00000)]
  0x0000022125d57d70 JavaThread "Unconstrained build operations Thread 12" [_thread_blocked, id=48612, stack(0x0000002a61f00000,0x0000002a62000000)]
  0x0000022125d53a10 JavaThread "Unconstrained build operations Thread 13" [_thread_blocked, id=42512, stack(0x0000002a62000000,0x0000002a62100000)]
  0x0000022125d52ba0 JavaThread "Unconstrained build operations Thread 14" [_thread_blocked, id=49748, stack(0x0000002a62100000,0x0000002a62200000)]
  0x0000022125d556f0 JavaThread "Unconstrained build operations Thread 15" [_thread_blocked, id=34164, stack(0x0000002a62200000,0x0000002a62300000)]
  0x0000022125d58be0 JavaThread "Unconstrained build operations Thread 16" [_thread_blocked, id=49960, stack(0x0000002a62300000,0x0000002a62400000)]
  0x0000022125d59580 JavaThread "Unconstrained build operations Thread 17" [_thread_blocked, id=13792, stack(0x0000002a62400000,0x0000002a62500000)]
  0x0000022125d590b0 JavaThread "Unconstrained build operations Thread 18" [_thread_blocked, id=38344, stack(0x0000002a62500000,0x0000002a62600000)]
  0x0000022125d59a50 JavaThread "Unconstrained build operations Thread 19" [_thread_blocked, id=7528, stack(0x0000002a62600000,0x0000002a62700000)]
  0x0000022125d5a3f0 JavaThread "Unconstrained build operations Thread 20" [_thread_blocked, id=48560, stack(0x0000002a62700000,0x0000002a62800000)]
  0x0000022125d543b0 JavaThread "Unconstrained build operations Thread 21" [_thread_blocked, id=41120, stack(0x0000002a62800000,0x0000002a62900000)]
  0x0000022125d53540 JavaThread "Unconstrained build operations Thread 22" [_thread_blocked, id=13212, stack(0x0000002a62900000,0x0000002a62a00000)]
  0x0000022125d53070 JavaThread "Unconstrained build operations Thread 23" [_thread_blocked, id=48960, stack(0x0000002a62a00000,0x0000002a62b00000)]
  0x0000022125d55bc0 JavaThread "Unconstrained build operations Thread 24" [_thread_blocked, id=44532, stack(0x0000002a62b00000,0x0000002a62c00000)]
  0x0000022125d56f00 JavaThread "Unconstrained build operations Thread 25" [_thread_blocked, id=40496, stack(0x0000002a62c00000,0x0000002a62d00000)]
  0x0000022125d56090 JavaThread "Unconstrained build operations Thread 26" [_thread_blocked, id=49388, stack(0x0000002a62d00000,0x0000002a62e00000)]
  0x0000022125d56560 JavaThread "Unconstrained build operations Thread 27" [_thread_blocked, id=45836, stack(0x0000002a62e00000,0x0000002a62f00000)]
  0x0000022125d53ee0 JavaThread "Unconstrained build operations Thread 28" [_thread_blocked, id=48776, stack(0x0000002a62f00000,0x0000002a63000000)]
  0x0000022125d54880 JavaThread "Unconstrained build operations Thread 29" [_thread_blocked, id=45664, stack(0x0000002a63000000,0x0000002a63100000)]
  0x0000022125d56a30 JavaThread "Unconstrained build operations Thread 30" [_thread_blocked, id=42164, stack(0x0000002a63100000,0x0000002a63200000)]
  0x0000022125d573d0 JavaThread "Unconstrained build operations Thread 31" [_thread_blocked, id=48944, stack(0x0000002a63200000,0x0000002a63300000)]
  0x0000022125d54d50 JavaThread "Unconstrained build operations Thread 32" [_thread_blocked, id=18944, stack(0x0000002a63300000,0x0000002a63400000)]
  0x00000221261fbb80 JavaThread "Unconstrained build operations Thread 33" [_thread_blocked, id=33304, stack(0x0000002a63400000,0x0000002a63500000)]
  0x00000221261fd860 JavaThread "Unconstrained build operations Thread 34" [_thread_blocked, id=49668, stack(0x0000002a63500000,0x0000002a63600000)]
  0x00000221261fc050 JavaThread "Unconstrained build operations Thread 35" [_thread_blocked, id=48728, stack(0x0000002a63600000,0x0000002a63700000)]
  0x00000221261fe6d0 JavaThread "Unconstrained build operations Thread 36" [_thread_blocked, id=16108, stack(0x0000002a63700000,0x0000002a63800000)]
  0x00000221261fad10 JavaThread "Unconstrained build operations Thread 37" [_thread_blocked, id=13440, stack(0x0000002a63800000,0x0000002a63900000)]
  0x00000221261fb1e0 JavaThread "Unconstrained build operations Thread 38" [_thread_blocked, id=48460, stack(0x0000002a63900000,0x0000002a63a00000)]
  0x00000221261ff540 JavaThread "Unconstrained build operations Thread 39" [_thread_blocked, id=40548, stack(0x0000002a63a00000,0x0000002a63b00000)]
  0x0000022126200880 JavaThread "Unconstrained build operations Thread 40" [_thread_blocked, id=26968, stack(0x0000002a63b00000,0x0000002a63c00000)]
  0x00000221261fa370 JavaThread "Unconstrained build operations Thread 41" [_thread_blocked, id=20800, stack(0x0000002a63c00000,0x0000002a63d00000)]
  0x00000221261fe200 JavaThread "Unconstrained build operations Thread 42" [_thread_blocked, id=41148, stack(0x0000002a63d00000,0x0000002a63e00000)]
  0x00000221261fc520 JavaThread "Unconstrained build operations Thread 43" [_thread_blocked, id=11740, stack(0x0000002a63e00000,0x0000002a63f00000)]
  0x00000221262016f0 JavaThread "Unconstrained build operations Thread 44" [_thread_blocked, id=17944, stack(0x0000002a63f00000,0x0000002a64000000)]
  0x0000022126201220 JavaThread "Unconstrained build operations Thread 45" [_thread_blocked, id=45652, stack(0x0000002a64000000,0x0000002a64100000)]
  0x00000221261ff070 JavaThread "Unconstrained build operations Thread 46" [_thread_blocked, id=15800, stack(0x0000002a64100000,0x0000002a64200000)]
  0x00000221261feba0 JavaThread "Unconstrained build operations Thread 47" [_thread_blocked, id=46240, stack(0x0000002a64200000,0x0000002a64300000)]
  0x00000221261fc9f0 JavaThread "Unconstrained build operations Thread 48" [_thread_blocked, id=27920, stack(0x0000002a64300000,0x0000002a64400000)]
  0x0000022126200d50 JavaThread "Unconstrained build operations Thread 49" [_thread_blocked, id=45484, stack(0x0000002a64400000,0x0000002a64500000)]
  0x0000022126201bc0 JavaThread "Unconstrained build operations Thread 50" [_thread_blocked, id=43308, stack(0x0000002a64500000,0x0000002a64600000)]
  0x00000221261fb6b0 JavaThread "Unconstrained build operations Thread 51" [_thread_blocked, id=49372, stack(0x0000002a64600000,0x0000002a64700000)]
  0x00000221261fcec0 JavaThread "Unconstrained build operations Thread 52" [_thread_blocked, id=46640, stack(0x0000002a64700000,0x0000002a64800000)]
  0x00000221261fa840 JavaThread "Unconstrained build operations Thread 53" [_thread_blocked, id=44124, stack(0x0000002a64800000,0x0000002a64900000)]
  0x00000221261fd390 JavaThread "Unconstrained build operations Thread 54" [_thread_blocked, id=46260, stack(0x0000002a64900000,0x0000002a64a00000)]
  0x00000221261fdd30 JavaThread "Unconstrained build operations Thread 55" [_thread_blocked, id=45988, stack(0x0000002a64a00000,0x0000002a64b00000)]
  0x00000221261ffa10 JavaThread "Unconstrained build operations Thread 56" [_thread_blocked, id=27744, stack(0x0000002a64b00000,0x0000002a64c00000)]
  0x00000221261ffee0 JavaThread "Unconstrained build operations Thread 57" [_thread_blocked, id=22732, stack(0x0000002a64c00000,0x0000002a64d00000)]
  0x00000221262003b0 JavaThread "Unconstrained build operations Thread 58" [_thread_blocked, id=33048, stack(0x0000002a64d00000,0x0000002a64e00000)]
  0x000002212625eb30 JavaThread "Unconstrained build operations Thread 59" [_thread_blocked, id=40744, stack(0x0000002a64e00000,0x0000002a64f00000)]
  0x0000022126260340 JavaThread "Unconstrained build operations Thread 60" [_thread_blocked, id=47252, stack(0x0000002a64f00000,0x0000002a65000000)]
  0x000002212625d320 JavaThread "Unconstrained build operations Thread 61" [_thread_blocked, id=33580, stack(0x0000002a65000000,0x0000002a65100000)]
  0x000002212625f000 JavaThread "Unconstrained build operations Thread 62" [_thread_blocked, id=46784, stack(0x0000002a65100000,0x0000002a65200000)]
  0x0000022126261680 JavaThread "Unconstrained build operations Thread 63" [_thread_blocked, id=28220, stack(0x0000002a65200000,0x0000002a65300000)]
  0x000002212625fe70 JavaThread "Unconstrained build operations Thread 64" [_thread_blocked, id=49444, stack(0x0000002a65300000,0x0000002a65400000)]
  0x00000221262611b0 JavaThread "Unconstrained build operations Thread 65" [_thread_blocked, id=41708, stack(0x0000002a65400000,0x0000002a65500000)]
  0x0000022126260ce0 JavaThread "Unconstrained build operations Thread 66" [_thread_blocked, id=5148, stack(0x0000002a65500000,0x0000002a65600000)]
  0x000002212625f4d0 JavaThread "Unconstrained build operations Thread 67" [_thread_blocked, id=36808, stack(0x0000002a65600000,0x0000002a65700000)]
  0x00000221262629c0 JavaThread "Unconstrained build operations Thread 68" [_thread_blocked, id=24652, stack(0x0000002a65700000,0x0000002a65800000)]
  0x000002212625ce50 JavaThread "Unconstrained build operations Thread 69" [_thread_blocked, id=49324, stack(0x0000002a65800000,0x0000002a65900000)]
  0x0000022126262020 JavaThread "Unconstrained build operations Thread 70" [_thread_blocked, id=46428, stack(0x0000002a65900000,0x0000002a65a00000)]
  0x0000022126260810 JavaThread "Unconstrained build operations Thread 71" [_thread_blocked, id=27176, stack(0x0000002a65a00000,0x0000002a65b00000)]
  0x0000022126263830 JavaThread "Unconstrained build operations Thread 72" [_thread_blocked, id=35944, stack(0x0000002a65b00000,0x0000002a65c00000)]
  0x000002212625f9a0 JavaThread "Unconstrained build operations Thread 73" [_thread_blocked, id=40592, stack(0x0000002a65c00000,0x0000002a65d00000)]
  0x0000022126261b50 JavaThread "Unconstrained build operations Thread 74" [_thread_blocked, id=29396, stack(0x0000002a65d00000,0x0000002a65e00000)]
  0x00000221262624f0 JavaThread "Unconstrained build operations Thread 75" [_thread_blocked, id=34768, stack(0x0000002a65e00000,0x0000002a65f00000)]
  0x0000022126262e90 JavaThread "Unconstrained build operations Thread 76" [_thread_blocked, id=2200, stack(0x0000002a65f00000,0x0000002a66000000)]
  0x000002212625d7f0 JavaThread "Unconstrained build operations Thread 77" [_thread_blocked, id=48428, stack(0x0000002a66000000,0x0000002a66100000)]
  0x000002212625e190 JavaThread "Unconstrained build operations Thread 78" [_thread_blocked, id=47076, stack(0x0000002a66100000,0x0000002a66200000)]
  0x000002212625dcc0 JavaThread "Unconstrained build operations Thread 79" [_thread_blocked, id=49880, stack(0x0000002a66200000,0x0000002a66300000)]
  0x0000022126263360 JavaThread "Unconstrained build operations Thread 80" [_thread_blocked, id=38664, stack(0x0000002a66300000,0x0000002a66400000)]
  0x0000022126263d00 JavaThread "jar transforms Thread 6" [_thread_blocked, id=39464, stack(0x0000002a61300000,0x0000002a61400000)]
  0x00000221262641d0 JavaThread "jar transforms Thread 7" [_thread_blocked, id=40328, stack(0x0000002a66400000,0x0000002a66500000)]
  0x000002212625e660 JavaThread "jar transforms Thread 8" [_thread_blocked, id=45344, stack(0x0000002a66500000,0x0000002a66600000)]
  0x0000022123607750 JavaThread "build event listener" [_thread_blocked, id=36708, stack(0x0000002a66600000,0x0000002a66700000)]
  0x000002212360dc60 JavaThread "Memory manager" [_thread_blocked, id=42744, stack(0x0000002a60f00000,0x0000002a61000000)]
  0x000002212360ead0 JavaThread "pool-3-thread-1" [_thread_blocked, id=42768, stack(0x0000002a66700000,0x0000002a66800000)]
  0x000002212360e600 JavaThread "build event listener" [_thread_blocked, id=50104, stack(0x0000002a66800000,0x0000002a66900000)]
  0x000002212360bf80 JavaThread "included builds" [_thread_blocked, id=49572, stack(0x0000002a66900000,0x0000002a66a00000)]
  0x000002212360a770 JavaThread "Execution worker" [_thread_blocked, id=34084, stack(0x0000002a5d500000,0x0000002a5d600000)]
  0x0000022123607280 JavaThread "Execution worker Thread 2" [_thread_blocked, id=30816, stack(0x0000002a5d600000,0x0000002a5d700000)]
  0x000002212360ac40 JavaThread "Execution worker Thread 3" [_thread_blocked, id=46436, stack(0x0000002a5d700000,0x0000002a5d800000)]
  0x000002212360bab0 JavaThread "Execution worker Thread 4" [_thread_blocked, id=43220, stack(0x0000002a66a00000,0x0000002a66b00000)]
  0x0000022123607c20 JavaThread "Execution worker Thread 5" [_thread_blocked, id=13820, stack(0x0000002a66b00000,0x0000002a66c00000)]
  0x00000221236080f0 JavaThread "Execution worker Thread 6" [_thread_blocked, id=46644, stack(0x0000002a66c00000,0x0000002a66d00000)]
  0x00000221236085c0 JavaThread "Execution worker Thread 7" [_thread_blocked, id=49328, stack(0x0000002a66d00000,0x0000002a66e00000)]
  0x000002212360c450 JavaThread "Cache worker for execution history cache (C:\Users\noobs\AndroidStudioProjects\H_Media\.gradle\8.0\executionHistory)" [_thread_blocked, id=25852, stack(0x0000002a66e00000,0x0000002a66f00000)]
  0x0000022123608a90 JavaThread "WorkerExecutor Queue" [_thread_in_Java, id=49176, stack(0x0000002a66f00000,0x0000002a67000000)]
  0x0000022123608f60 JavaThread "WorkerExecutor Queue Thread 2" [_thread_blocked, id=32524, stack(0x0000002a67000000,0x0000002a67100000)]
  0x0000022123609dd0 JavaThread "WorkerExecutor Queue Thread 3" [_thread_in_Java, id=31140, stack(0x0000002a67100000,0x0000002a67200000)]
  0x000002212360cdf0 JavaThread "WorkerExecutor Queue Thread 4" [_thread_in_native, id=8036, stack(0x0000002a67400000,0x0000002a67500000)]
  0x000002212360d2c0 JavaThread "WorkerExecutor Queue Thread 5" [_thread_in_Java, id=10072, stack(0x0000002a67500000,0x0000002a67600000)]
  0x0000022126329aa0 JavaThread "WorkerExecutor Queue Thread 6" [_thread_blocked, id=13656, stack(0x0000002a67600000,0x0000002a67700000)]
  0x000002212632ade0 JavaThread "WorkerExecutor Queue Thread 7" [_thread_blocked, id=49812, stack(0x0000002a67700000,0x0000002a67800000)]
  0x0000022126327420 JavaThread "WorkerExecutor Queue Thread 8" [_thread_in_vm, id=41064, stack(0x0000002a67800000,0x0000002a67900000)]

Other Threads:
  0x000002211e6771a0 VMThread "VM Thread" [stack: 0x0000002a5de00000,0x0000002a5df00000] [id=42052]
  0x00000221048c56d0 WatcherThread [stack: 0x0000002a5ea00000,0x0000002a5eb00000] [id=44844]
  0x00000221048a39b0 GCTaskThread "GC Thread#0" [stack: 0x0000002a5d900000,0x0000002a5da00000] [id=49464]
  0x000002211fc72c70 GCTaskThread "GC Thread#1" [stack: 0x0000002a5eb00000,0x0000002a5ec00000] [id=27288]
  0x000002211fc94190 GCTaskThread "GC Thread#2" [stack: 0x0000002a5ec00000,0x0000002a5ed00000] [id=20368]
  0x000002211fc94440 GCTaskThread "GC Thread#3" [stack: 0x0000002a5ed00000,0x0000002a5ee00000] [id=8720]
  0x000002212020d270 GCTaskThread "GC Thread#4" [stack: 0x0000002a5ee00000,0x0000002a5ef00000] [id=37196]
  0x000002211fd3a520 GCTaskThread "GC Thread#5" [stack: 0x0000002a5f900000,0x0000002a5fa00000] [id=50028]
  0x000002211fd3a7d0 GCTaskThread "GC Thread#6" [stack: 0x0000002a5fa00000,0x0000002a5fb00000] [id=42404]
  0x000002211fd3aa80 GCTaskThread "GC Thread#7" [stack: 0x0000002a5fb00000,0x0000002a5fc00000] [id=25772]
  0x00000221048b4a50 ConcurrentGCThread "G1 Main Marker" [stack: 0x0000002a5da00000,0x0000002a5db00000] [id=11920]
  0x00000221048b5d60 ConcurrentGCThread "G1 Conc#0" [stack: 0x0000002a5db00000,0x0000002a5dc00000] [id=42804]
  0x000002211fd39a60 ConcurrentGCThread "G1 Conc#1" [stack: 0x0000002a5fc00000,0x0000002a5fd00000] [id=50004]
  0x000002211e4e00a0 ConcurrentGCThread "G1 Refine#0" [stack: 0x0000002a5dc00000,0x0000002a5dd00000] [id=50172]
  0x000002211f6c2660 ConcurrentGCThread "G1 Refine#1" [stack: 0x0000002a60a00000,0x0000002a60b00000] [id=4524]
  0x0000022123e73a10 ConcurrentGCThread "G1 Refine#2" [stack: 0x0000002a67200000,0x0000002a67300000] [id=49928]
  0x0000022123e752c0 ConcurrentGCThread "G1 Refine#3" [stack: 0x0000002a67300000,0x0000002a67400000] [id=19616]
  0x000002211e4e1970 ConcurrentGCThread "G1 Service" [stack: 0x0000002a5dd00000,0x0000002a5de00000] [id=41244]

Threads with active compile tasks:
C2 CompilerThread0    73197 12022       4       com.android.ide.common.resources.NodeUtils::duplicateNode (315 bytes)

VM state: not at safepoint (normal execution)

VM Mutex/Monitor currently owned by a thread:  ([mutex/lock_event])
[0x0000022104843a30] SystemDictionary_lock - owner thread: 0x0000000000000000

Heap address: 0x0000000080000000, size: 2048 MB, Compressed Oops mode: 32-bit

CDS archive(s) not mapped
Compressed class space mapped at: 0x0000000100000000-0x0000000140000000, reserved size: 1073741824
Narrow klass base: 0x0000000000000000, Narrow klass shift: 3, Narrow klass range: 0x140000000

GC Precious Log:
 CPUs: 8 total, 8 available
 Memory: 6078M
 Large Page Support: Disabled
 NUMA Support: Disabled
 Compressed Oops: Enabled (32-bit)
 Heap Region Size: 1M
 Heap Min Capacity: 8M
 Heap Initial Capacity: 96M
 Heap Max Capacity: 2G
 Pre-touch: Disabled
 Parallel Workers: 8
 Concurrent Workers: 2
 Concurrent Refinement Workers: 8
 Periodic GC: Disabled

Heap:
 garbage-first heap   total 173056K, used 122227K [0x0000000080000000, 0x0000000100000000)
  region size 1024K, 8 young (8192K), 4 survivors (4096K)
 Metaspace       used 96567K, committed 97344K, reserved 1138688K
  class space    used 12880K, committed 13248K, reserved 1048576K

Heap Regions: E=young(eden), S=young(survivor), O=old, HS=humongous(starts), HC=humongous(continues), CS=collection set, F=free, OA=open archive, CA=closed archive, TAMS=top-at-mark-start (previous, next)
|   0|0x0000000080000000, 0x0000000080100000, 0x0000000080100000|100%|HS|  |TAMS 0x0000000080100000, 0x0000000080000000| Complete 
|   1|0x0000000080100000, 0x0000000080200000, 0x0000000080200000|100%|HC|  |TAMS 0x0000000080200000, 0x0000000080100000| Complete 
|   2|0x0000000080200000, 0x0000000080300000, 0x0000000080300000|100%|HC|  |TAMS 0x0000000080300000, 0x0000000080200000| Complete 
|   3|0x0000000080300000, 0x0000000080400000, 0x0000000080400000|100%|HC|  |TAMS 0x0000000080400000, 0x0000000080300000| Complete 
|   4|0x0000000080400000, 0x0000000080500000, 0x0000000080500000|100%| O|  |TAMS 0x0000000080500000, 0x0000000080400000| Untracked 
|   5|0x0000000080500000, 0x0000000080600000, 0x0000000080600000|100%| O|  |TAMS 0x0000000080600000, 0x0000000080500000| Untracked 
|   6|0x0000000080600000, 0x0000000080700000, 0x0000000080700000|100%| O|  |TAMS 0x0000000080700000, 0x0000000080600000| Untracked 
|   7|0x0000000080700000, 0x0000000080800000, 0x0000000080800000|100%| O|  |TAMS 0x0000000080800000, 0x0000000080700000| Untracked 
|   8|0x0000000080800000, 0x00000000808dda00, 0x0000000080900000| 86%| O|  |TAMS 0x00000000808dda00, 0x0000000080800000| Untracked 
|   9|0x0000000080900000, 0x0000000080a00000, 0x0000000080a00000|100%| O|  |TAMS 0x0000000080a00000, 0x0000000080900000| Untracked 
|  10|0x0000000080a00000, 0x0000000080b00000, 0x0000000080b00000|100%| O|  |TAMS 0x0000000080b00000, 0x0000000080a00000| Untracked 
|  11|0x0000000080b00000, 0x0000000080c00000, 0x0000000080c00000|100%| O|  |TAMS 0x0000000080c00000, 0x0000000080b00000| Untracked 
|  12|0x0000000080c00000, 0x0000000080d00000, 0x0000000080d00000|100%| O|  |TAMS 0x0000000080d00000, 0x0000000080c00000| Untracked 
|  13|0x0000000080d00000, 0x0000000080e00000, 0x0000000080e00000|100%| O|  |TAMS 0x0000000080e00000, 0x0000000080d00000| Untracked 
|  14|0x0000000080e00000, 0x0000000080f00000, 0x0000000080f00000|100%| O|  |TAMS 0x0000000080f00000, 0x0000000080e00000| Untracked 
|  15|0x0000000080f00000, 0x0000000081000000, 0x0000000081000000|100%| O|  |TAMS 0x0000000081000000, 0x0000000080f00000| Untracked 
|  16|0x0000000081000000, 0x0000000081100000, 0x0000000081100000|100%| O|  |TAMS 0x0000000081100000, 0x0000000081000000| Untracked 
|  17|0x0000000081100000, 0x0000000081200000, 0x0000000081200000|100%| O|  |TAMS 0x0000000081200000, 0x0000000081100000| Untracked 
|  18|0x0000000081200000, 0x0000000081300000, 0x0000000081300000|100%| O|  |TAMS 0x0000000081300000, 0x0000000081200000| Untracked 
|  19|0x0000000081300000, 0x0000000081400000, 0x0000000081400000|100%| O|  |TAMS 0x0000000081400000, 0x0000000081300000| Untracked 
|  20|0x0000000081400000, 0x0000000081500000, 0x0000000081500000|100%| O|  |TAMS 0x0000000081500000, 0x0000000081400000| Untracked 
|  21|0x0000000081500000, 0x0000000081600000, 0x0000000081600000|100%| O|  |TAMS 0x0000000081600000, 0x0000000081500000| Untracked 
|  22|0x0000000081600000, 0x0000000081700000, 0x0000000081700000|100%| O|  |TAMS 0x0000000081700000, 0x0000000081600000| Untracked 
|  23|0x0000000081700000, 0x0000000081800000, 0x0000000081800000|100%| O|  |TAMS 0x0000000081700000, 0x0000000081700000| Untracked 
|  24|0x0000000081800000, 0x0000000081900000, 0x0000000081900000|100%| O|  |TAMS 0x0000000081900000, 0x0000000081800000| Untracked 
|  25|0x0000000081900000, 0x0000000081a00000, 0x0000000081a00000|100%| O|  |TAMS 0x0000000081a00000, 0x0000000081900000| Untracked 
|  26|0x0000000081a00000, 0x0000000081b00000, 0x0000000081b00000|100%| O|  |TAMS 0x0000000081b00000, 0x0000000081a00000| Untracked 
|  27|0x0000000081b00000, 0x0000000081c00000, 0x0000000081c00000|100%| O|  |TAMS 0x0000000081c00000, 0x0000000081b00000| Untracked 
|  28|0x0000000081c00000, 0x0000000081d00000, 0x0000000081d00000|100%| O|  |TAMS 0x0000000081d00000, 0x0000000081c00000| Untracked 
|  29|0x0000000081d00000, 0x0000000081e00000, 0x0000000081e00000|100%| O|  |TAMS 0x0000000081e00000, 0x0000000081d00000| Untracked 
|  30|0x0000000081e00000, 0x0000000081f00000, 0x0000000081f00000|100%| O|  |TAMS 0x0000000081f00000, 0x0000000081e00000| Untracked 
|  31|0x0000000081f00000, 0x0000000082000000, 0x0000000082000000|100%| O|  |TAMS 0x0000000082000000, 0x0000000081f00000| Untracked 
|  32|0x0000000082000000, 0x0000000082100000, 0x0000000082100000|100%| O|  |TAMS 0x0000000082100000, 0x0000000082000000| Untracked 
|  33|0x0000000082100000, 0x0000000082200000, 0x0000000082200000|100%| O|  |TAMS 0x0000000082200000, 0x0000000082100000| Untracked 
|  34|0x0000000082200000, 0x0000000082300000, 0x0000000082300000|100%| O|  |TAMS 0x0000000082300000, 0x0000000082200000| Untracked 
|  35|0x0000000082300000, 0x0000000082400000, 0x0000000082400000|100%| O|  |TAMS 0x0000000082400000, 0x0000000082300000| Untracked 
|  36|0x0000000082400000, 0x0000000082500000, 0x0000000082500000|100%| O|  |TAMS 0x0000000082500000, 0x0000000082400000| Untracked 
|  37|0x0000000082500000, 0x0000000082600000, 0x0000000082600000|100%|HS|  |TAMS 0x0000000082600000, 0x0000000082500000| Complete 
|  38|0x0000000082600000, 0x0000000082700000, 0x0000000082700000|100%| O|  |TAMS 0x0000000082700000, 0x0000000082600000| Untracked 
|  39|0x0000000082700000, 0x0000000082800000, 0x0000000082800000|100%|HS|  |TAMS 0x0000000082800000, 0x0000000082700000| Complete 
|  40|0x0000000082800000, 0x0000000082900000, 0x0000000082900000|100%| O|  |TAMS 0x0000000082900000, 0x0000000082800000| Untracked 
|  41|0x0000000082900000, 0x0000000082a00000, 0x0000000082a00000|100%| O|  |TAMS 0x0000000082a00000, 0x0000000082900000| Untracked 
|  42|0x0000000082a00000, 0x0000000082b00000, 0x0000000082b00000|100%| O|  |TAMS 0x0000000082a00000, 0x0000000082a00000| Untracked 
|  43|0x0000000082b00000, 0x0000000082c00000, 0x0000000082c00000|100%| O|  |TAMS 0x0000000082c00000, 0x0000000082b00000| Untracked 
|  44|0x0000000082c00000, 0x0000000082d00000, 0x0000000082d00000|100%| O|  |TAMS 0x0000000082d00000, 0x0000000082c00000| Untracked 
|  45|0x0000000082d00000, 0x0000000082e00000, 0x0000000082e00000|100%| O|  |TAMS 0x0000000082e00000, 0x0000000082d00000| Untracked 
|  46|0x0000000082e00000, 0x0000000082f00000, 0x0000000082f00000|100%| O|  |TAMS 0x0000000082f00000, 0x0000000082e00000| Untracked 
|  47|0x0000000082f00000, 0x0000000083000000, 0x0000000083000000|100%| O|  |TAMS 0x0000000082fbf400, 0x0000000082f00000| Untracked 
|  48|0x0000000083000000, 0x0000000083100000, 0x0000000083100000|100%| O|  |TAMS 0x0000000083000000, 0x0000000083000000| Untracked 
|  49|0x0000000083100000, 0x0000000083200000, 0x0000000083200000|100%| O|  |TAMS 0x0000000083100000, 0x0000000083100000| Untracked 
|  50|0x0000000083200000, 0x0000000083300000, 0x0000000083300000|100%| O|  |TAMS 0x0000000083200000, 0x0000000083200000| Untracked 
|  51|0x0000000083300000, 0x0000000083400000, 0x0000000083400000|100%| O|  |TAMS 0x0000000083300000, 0x0000000083300000| Untracked 
|  52|0x0000000083400000, 0x0000000083500000, 0x0000000083500000|100%| O|  |TAMS 0x0000000083400000, 0x0000000083400000| Untracked 
|  53|0x0000000083500000, 0x0000000083600000, 0x0000000083600000|100%| O|  |TAMS 0x0000000083500000, 0x0000000083500000| Untracked 
|  54|0x0000000083600000, 0x0000000083700000, 0x0000000083700000|100%| O|  |TAMS 0x0000000083600000, 0x0000000083600000| Untracked 
|  55|0x0000000083700000, 0x0000000083800000, 0x0000000083800000|100%| O|  |TAMS 0x0000000083700000, 0x0000000083700000| Untracked 
|  56|0x0000000083800000, 0x0000000083900000, 0x0000000083900000|100%| O|  |TAMS 0x0000000083800000, 0x0000000083800000| Untracked 
|  57|0x0000000083900000, 0x0000000083a00000, 0x0000000083a00000|100%| O|  |TAMS 0x0000000083900000, 0x0000000083900000| Untracked 
|  58|0x0000000083a00000, 0x0000000083b00000, 0x0000000083b00000|100%| O|  |TAMS 0x0000000083a00000, 0x0000000083a00000| Untracked 
|  59|0x0000000083b00000, 0x0000000083c00000, 0x0000000083c00000|100%| O|  |TAMS 0x0000000083b00000, 0x0000000083b00000| Untracked 
|  60|0x0000000083c00000, 0x0000000083d00000, 0x0000000083d00000|100%| O|  |TAMS 0x0000000083c00000, 0x0000000083c00000| Untracked 
|  61|0x0000000083d00000, 0x0000000083e00000, 0x0000000083e00000|100%| O|  |TAMS 0x0000000083d00000, 0x0000000083d00000| Untracked 
|  62|0x0000000083e00000, 0x0000000083f00000, 0x0000000083f00000|100%| O|  |TAMS 0x0000000083e00000, 0x0000000083e00000| Untracked 
|  63|0x0000000083f00000, 0x0000000084000000, 0x0000000084000000|100%| O|  |TAMS 0x0000000083f00000, 0x0000000083f00000| Untracked 
|  64|0x0000000084000000, 0x0000000084100000, 0x0000000084100000|100%| O|  |TAMS 0x0000000084000000, 0x0000000084000000| Untracked 
|  65|0x0000000084100000, 0x0000000084200000, 0x0000000084200000|100%| O|  |TAMS 0x0000000084100000, 0x0000000084100000| Untracked 
|  66|0x0000000084200000, 0x0000000084300000, 0x0000000084300000|100%| O|  |TAMS 0x0000000084200000, 0x0000000084200000| Untracked 
|  67|0x0000000084300000, 0x0000000084400000, 0x0000000084400000|100%| O|  |TAMS 0x0000000084300000, 0x0000000084300000| Untracked 
|  68|0x0000000084400000, 0x0000000084500000, 0x0000000084500000|100%| O|  |TAMS 0x0000000084400000, 0x0000000084400000| Untracked 
|  69|0x0000000084500000, 0x0000000084600000, 0x0000000084600000|100%| O|  |TAMS 0x0000000084500000, 0x0000000084500000| Untracked 
|  70|0x0000000084600000, 0x0000000084700000, 0x0000000084700000|100%| O|  |TAMS 0x0000000084600000, 0x0000000084600000| Untracked 
|  71|0x0000000084700000, 0x0000000084800000, 0x0000000084800000|100%| O|  |TAMS 0x0000000084700000, 0x0000000084700000| Untracked 
|  72|0x0000000084800000, 0x0000000084900000, 0x0000000084900000|100%| O|  |TAMS 0x0000000084800000, 0x0000000084800000| Untracked 
|  73|0x0000000084900000, 0x0000000084a00000, 0x0000000084a00000|100%| O|  |TAMS 0x0000000084900000, 0x0000000084900000| Untracked 
|  74|0x0000000084a00000, 0x0000000084b00000, 0x0000000084b00000|100%| O|  |TAMS 0x0000000084a00000, 0x0000000084a00000| Untracked 
|  75|0x0000000084b00000, 0x0000000084c00000, 0x0000000084c00000|100%| O|  |TAMS 0x0000000084b00000, 0x0000000084b00000| Untracked 
|  76|0x0000000084c00000, 0x0000000084d00000, 0x0000000084d00000|100%| O|  |TAMS 0x0000000084c00000, 0x0000000084c00000| Untracked 
|  77|0x0000000084d00000, 0x0000000084e00000, 0x0000000084e00000|100%|HS|  |TAMS 0x0000000084d00000, 0x0000000084d00000| Complete 
|  78|0x0000000084e00000, 0x0000000084f00000, 0x0000000084f00000|100%|HC|  |TAMS 0x0000000084e00000, 0x0000000084e00000| Complete 
|  79|0x0000000084f00000, 0x0000000085000000, 0x0000000085000000|100%|HS|  |TAMS 0x0000000084f00000, 0x0000000084f00000| Complete 
|  80|0x0000000085000000, 0x0000000085100000, 0x0000000085100000|100%| O|  |TAMS 0x0000000085000000, 0x0000000085000000| Untracked 
|  81|0x0000000085100000, 0x0000000085200000, 0x0000000085200000|100%| O|  |TAMS 0x0000000085100000, 0x0000000085100000| Untracked 
|  82|0x0000000085200000, 0x0000000085300000, 0x0000000085300000|100%| O|  |TAMS 0x0000000085200000, 0x0000000085200000| Untracked 
|  83|0x0000000085300000, 0x0000000085400000, 0x0000000085400000|100%| O|  |TAMS 0x0000000085300000, 0x0000000085300000| Untracked 
|  84|0x0000000085400000, 0x0000000085500000, 0x0000000085500000|100%| O|  |TAMS 0x0000000085400000, 0x0000000085400000| Untracked 
|  85|0x0000000085500000, 0x0000000085600000, 0x0000000085600000|100%| O|  |TAMS 0x0000000085500000, 0x0000000085500000| Untracked 
|  86|0x0000000085600000, 0x0000000085700000, 0x0000000085700000|100%| O|  |TAMS 0x0000000085600000, 0x0000000085600000| Untracked 
|  87|0x0000000085700000, 0x0000000085800000, 0x0000000085800000|100%| O|  |TAMS 0x0000000085700000, 0x0000000085700000| Untracked 
|  88|0x0000000085800000, 0x0000000085900000, 0x0000000085900000|100%| O|  |TAMS 0x0000000085800000, 0x0000000085800000| Untracked 
|  89|0x0000000085900000, 0x0000000085a00000, 0x0000000085a00000|100%| O|  |TAMS 0x0000000085900000, 0x0000000085900000| Untracked 
|  90|0x0000000085a00000, 0x0000000085b00000, 0x0000000085b00000|100%| O|  |TAMS 0x0000000085a00000, 0x0000000085a00000| Untracked 
|  91|0x0000000085b00000, 0x0000000085c00000, 0x0000000085c00000|100%| O|  |TAMS 0x0000000085b00000, 0x0000000085b00000| Untracked 
|  92|0x0000000085c00000, 0x0000000085d00000, 0x0000000085d00000|100%| O|  |TAMS 0x0000000085c00000, 0x0000000085c00000| Untracked 
|  93|0x0000000085d00000, 0x0000000085e00000, 0x0000000085e00000|100%| O|  |TAMS 0x0000000085d00000, 0x0000000085d00000| Untracked 
|  94|0x0000000085e00000, 0x0000000085f00000, 0x0000000085f00000|100%| O|  |TAMS 0x0000000085e00000, 0x0000000085e00000| Untracked 
|  95|0x0000000085f00000, 0x0000000086000000, 0x0000000086000000|100%| O|  |TAMS 0x0000000085f00000, 0x0000000085f00000| Untracked 
|  96|0x0000000086000000, 0x0000000086100000, 0x0000000086100000|100%| O|  |TAMS 0x0000000086000000, 0x0000000086000000| Untracked 
|  97|0x0000000086100000, 0x0000000086200000, 0x0000000086200000|100%| O|  |TAMS 0x0000000086100000, 0x0000000086100000| Untracked 
|  98|0x0000000086200000, 0x0000000086200000, 0x0000000086300000|  0%| F|  |TAMS 0x0000000086200000, 0x0000000086200000| Untracked 
|  99|0x0000000086300000, 0x0000000086300000, 0x0000000086400000|  0%| F|  |TAMS 0x0000000086300000, 0x0000000086300000| Untracked 
| 100|0x0000000086400000, 0x0000000086400000, 0x0000000086500000|  0%| F|  |TAMS 0x0000000086400000, 0x0000000086400000| Untracked 
| 101|0x0000000086500000, 0x0000000086500000, 0x0000000086600000|  0%| F|  |TAMS 0x0000000086500000, 0x0000000086500000| Untracked 
| 102|0x0000000086600000, 0x0000000086600000, 0x0000000086700000|  0%| F|  |TAMS 0x0000000086600000, 0x0000000086600000| Untracked 
| 103|0x0000000086700000, 0x0000000086700000, 0x0000000086800000|  0%| F|  |TAMS 0x0000000086700000, 0x0000000086700000| Untracked 
| 104|0x0000000086800000, 0x0000000086800000, 0x0000000086900000|  0%| F|  |TAMS 0x0000000086800000, 0x0000000086800000| Untracked 
| 105|0x0000000086900000, 0x0000000086900000, 0x0000000086a00000|  0%| F|  |TAMS 0x0000000086900000, 0x0000000086900000| Untracked 
| 106|0x0000000086a00000, 0x0000000086b00000, 0x0000000086b00000|100%| O|  |TAMS 0x0000000086a00000, 0x0000000086a00000| Untracked 
| 107|0x0000000086b00000, 0x0000000086c00000, 0x0000000086c00000|100%| O|  |TAMS 0x0000000086b00000, 0x0000000086b00000| Untracked 
| 108|0x0000000086c00000, 0x0000000086d00000, 0x0000000086d00000|100%| O|  |TAMS 0x0000000086c00000, 0x0000000086c00000| Untracked 
| 109|0x0000000086d00000, 0x0000000086e00000, 0x0000000086e00000|100%| O|  |TAMS 0x0000000086d00000, 0x0000000086d00000| Untracked 
| 110|0x0000000086e00000, 0x0000000086f00000, 0x0000000086f00000|100%| O|  |TAMS 0x0000000086e00000, 0x0000000086e00000| Untracked 
| 111|0x0000000086f00000, 0x0000000087000000, 0x0000000087000000|100%| O|  |TAMS 0x0000000086f00000, 0x0000000086f00000| Untracked 
| 112|0x0000000087000000, 0x0000000087100000, 0x0000000087100000|100%| O|  |TAMS 0x0000000087000000, 0x0000000087000000| Untracked 
| 113|0x0000000087100000, 0x0000000087100000, 0x0000000087200000|  0%| F|  |TAMS 0x0000000087100000, 0x0000000087100000| Untracked 
| 114|0x0000000087200000, 0x0000000087200000, 0x0000000087300000|  0%| F|  |TAMS 0x0000000087200000, 0x0000000087200000| Untracked 
| 115|0x0000000087300000, 0x0000000087300000, 0x0000000087400000|  0%| F|  |TAMS 0x0000000087300000, 0x0000000087300000| Untracked 
| 116|0x0000000087400000, 0x0000000087500000, 0x0000000087500000|100%| O|  |TAMS 0x0000000087400000, 0x0000000087400000| Untracked 
| 117|0x0000000087500000, 0x0000000087600000, 0x0000000087600000|100%| O|  |TAMS 0x0000000087500000, 0x0000000087500000| Untracked 
| 118|0x0000000087600000, 0x0000000087600000, 0x0000000087700000|  0%| F|  |TAMS 0x0000000087600000, 0x0000000087600000| Untracked 
| 119|0x0000000087700000, 0x0000000087700000, 0x0000000087800000|  0%| F|  |TAMS 0x0000000087700000, 0x0000000087700000| Untracked 
| 120|0x0000000087800000, 0x0000000087800000, 0x0000000087900000|  0%| F|  |TAMS 0x0000000087800000, 0x0000000087800000| Untracked 
| 121|0x0000000087900000, 0x0000000087a00000, 0x0000000087a00000|100%| O|  |TAMS 0x0000000087900000, 0x0000000087900000| Untracked 
| 122|0x0000000087a00000, 0x0000000087b00000, 0x0000000087b00000|100%| O|  |TAMS 0x0000000087a00000, 0x0000000087a00000| Untracked 
| 123|0x0000000087b00000, 0x0000000087c00000, 0x0000000087c00000|100%| O|  |TAMS 0x0000000087b00000, 0x0000000087b00000| Untracked 
| 124|0x0000000087c00000, 0x0000000087d00000, 0x0000000087d00000|100%| O|  |TAMS 0x0000000087c00000, 0x0000000087c00000| Untracked 
| 125|0x0000000087d00000, 0x0000000087e00000, 0x0000000087e00000|100%| O|  |TAMS 0x0000000087d00000, 0x0000000087d00000| Untracked 
| 126|0x0000000087e00000, 0x0000000087e7f400, 0x0000000087f00000| 49%| O|  |TAMS 0x0000000087e00000, 0x0000000087e00000| Untracked 
| 127|0x0000000087f00000, 0x0000000087f00000, 0x0000000088000000|  0%| F|  |TAMS 0x0000000087f00000, 0x0000000087f00000| Untracked 
| 128|0x0000000088000000, 0x0000000088000000, 0x0000000088100000|  0%| F|  |TAMS 0x0000000088000000, 0x0000000088000000| Untracked 
| 129|0x0000000088100000, 0x0000000088100000, 0x0000000088200000|  0%| F|  |TAMS 0x0000000088100000, 0x0000000088100000| Untracked 
| 130|0x0000000088200000, 0x0000000088200000, 0x0000000088300000|  0%| F|  |TAMS 0x0000000088200000, 0x0000000088200000| Untracked 
| 131|0x0000000088300000, 0x0000000088300000, 0x0000000088400000|  0%| F|  |TAMS 0x0000000088300000, 0x0000000088300000| Untracked 
| 132|0x0000000088400000, 0x0000000088400000, 0x0000000088500000|  0%| F|  |TAMS 0x0000000088400000, 0x0000000088400000| Untracked 
| 133|0x0000000088500000, 0x0000000088500000, 0x0000000088600000|  0%| F|  |TAMS 0x0000000088500000, 0x0000000088500000| Untracked 
| 134|0x0000000088600000, 0x0000000088600000, 0x0000000088700000|  0%| F|  |TAMS 0x0000000088600000, 0x0000000088600000| Untracked 
| 135|0x0000000088700000, 0x0000000088700000, 0x0000000088800000|  0%| F|  |TAMS 0x0000000088700000, 0x0000000088700000| Untracked 
| 136|0x0000000088800000, 0x0000000088800000, 0x0000000088900000|  0%| F|  |TAMS 0x0000000088800000, 0x0000000088800000| Untracked 
| 137|0x0000000088900000, 0x0000000088900000, 0x0000000088a00000|  0%| F|  |TAMS 0x0000000088900000, 0x0000000088900000| Untracked 
| 138|0x0000000088a00000, 0x0000000088a00000, 0x0000000088b00000|  0%| F|  |TAMS 0x0000000088a00000, 0x0000000088a00000| Untracked 
| 139|0x0000000088b00000, 0x0000000088b00000, 0x0000000088c00000|  0%| F|  |TAMS 0x0000000088b00000, 0x0000000088b00000| Untracked 
| 140|0x0000000088c00000, 0x0000000088c00000, 0x0000000088d00000|  0%| F|  |TAMS 0x0000000088c00000, 0x0000000088c00000| Untracked 
| 141|0x0000000088d00000, 0x0000000088d00000, 0x0000000088e00000|  0%| F|  |TAMS 0x0000000088d00000, 0x0000000088d00000| Untracked 
| 142|0x0000000088e00000, 0x0000000088f00000, 0x0000000088f00000|100%| S|CS|TAMS 0x0000000088e00000, 0x0000000088e00000| Complete 
| 143|0x0000000088f00000, 0x0000000089000000, 0x0000000089000000|100%| S|CS|TAMS 0x0000000088f00000, 0x0000000088f00000| Complete 
| 144|0x0000000089000000, 0x0000000089100000, 0x0000000089100000|100%| S|CS|TAMS 0x0000000089000000, 0x0000000089000000| Complete 
| 145|0x0000000089100000, 0x0000000089200000, 0x0000000089200000|100%| S|CS|TAMS 0x0000000089100000, 0x0000000089100000| Complete 
| 146|0x0000000089200000, 0x0000000089200000, 0x0000000089300000|  0%| F|  |TAMS 0x0000000089200000, 0x0000000089200000| Untracked 
| 147|0x0000000089300000, 0x0000000089300000, 0x0000000089400000|  0%| F|  |TAMS 0x0000000089300000, 0x0000000089300000| Untracked 
| 148|0x0000000089400000, 0x0000000089400000, 0x0000000089500000|  0%| F|  |TAMS 0x0000000089400000, 0x0000000089400000| Untracked 
| 149|0x0000000089500000, 0x0000000089500000, 0x0000000089600000|  0%| F|  |TAMS 0x0000000089500000, 0x0000000089500000| Untracked 
| 150|0x0000000089600000, 0x0000000089600000, 0x0000000089700000|  0%| F|  |TAMS 0x0000000089600000, 0x0000000089600000| Untracked 
| 151|0x0000000089700000, 0x0000000089700000, 0x0000000089800000|  0%| F|  |TAMS 0x0000000089700000, 0x0000000089700000| Untracked 
| 152|0x0000000089800000, 0x0000000089800000, 0x0000000089900000|  0%| F|  |TAMS 0x0000000089800000, 0x0000000089800000| Untracked 
| 153|0x0000000089900000, 0x0000000089900000, 0x0000000089a00000|  0%| F|  |TAMS 0x0000000089900000, 0x0000000089900000| Untracked 
| 154|0x0000000089a00000, 0x0000000089a00000, 0x0000000089b00000|  0%| F|  |TAMS 0x0000000089a00000, 0x0000000089a00000| Untracked 
| 155|0x0000000089b00000, 0x0000000089b00000, 0x0000000089c00000|  0%| F|  |TAMS 0x0000000089b00000, 0x0000000089b00000| Untracked 
| 156|0x0000000089c00000, 0x0000000089c00000, 0x0000000089d00000|  0%| F|  |TAMS 0x0000000089c00000, 0x0000000089c00000| Untracked 
| 157|0x0000000089d00000, 0x0000000089d00000, 0x0000000089e00000|  0%| F|  |TAMS 0x0000000089d00000, 0x0000000089d00000| Untracked 
| 158|0x0000000089e00000, 0x0000000089e00000, 0x0000000089f00000|  0%| F|  |TAMS 0x0000000089e00000, 0x0000000089e00000| Untracked 
| 159|0x0000000089f00000, 0x0000000089f00000, 0x000000008a000000|  0%| F|  |TAMS 0x0000000089f00000, 0x0000000089f00000| Untracked 
| 160|0x000000008a000000, 0x000000008a000000, 0x000000008a100000|  0%| F|  |TAMS 0x000000008a000000, 0x000000008a000000| Untracked 
| 161|0x000000008a100000, 0x000000008a100000, 0x000000008a200000|  0%| F|  |TAMS 0x000000008a100000, 0x000000008a100000| Untracked 
| 162|0x000000008a200000, 0x000000008a200000, 0x000000008a300000|  0%| F|  |TAMS 0x000000008a200000, 0x000000008a200000| Untracked 
| 163|0x000000008a300000, 0x000000008a300000, 0x000000008a400000|  0%| F|  |TAMS 0x000000008a300000, 0x000000008a300000| Untracked 
| 164|0x000000008a400000, 0x000000008a48a9a0, 0x000000008a500000| 54%| E|  |TAMS 0x000000008a400000, 0x000000008a400000| Complete 
| 165|0x000000008a500000, 0x000000008a600000, 0x000000008a600000|100%| E|CS|TAMS 0x000000008a500000, 0x000000008a500000| Complete 
| 166|0x000000008a600000, 0x000000008a700000, 0x000000008a700000|100%| E|CS|TAMS 0x000000008a600000, 0x000000008a600000| Complete 
| 167|0x000000008a700000, 0x000000008a800000, 0x000000008a800000|100%| E|CS|TAMS 0x000000008a700000, 0x000000008a700000| Complete 
| 168|0x000000008a800000, 0x000000008a900000, 0x000000008a900000|100%| E|CS|TAMS 0x000000008a800000, 0x000000008a800000| Complete 

Card table byte_map: [0x0000022117440000,0x0000022117840000] _byte_map_base: 0x0000022117040000

Marking Bits (Prev, Next): (CMBitMap*) 0x00000221048a3fc0, (CMBitMap*) 0x00000221048a4000
 Prev Bits: [0x0000022117c40000, 0x0000022119c40000)
 Next Bits: [0x0000022119c40000, 0x000002211bc40000)

Polling page: 0x00000221029e0000

Metaspace:

Usage:
  Non-class:     81.88 MB used.
      Class:     12.60 MB used.
       Both:     94.49 MB used.

Virtual space:
  Non-class space:       88.00 MB reserved,      82.25 MB ( 93%) committed,  11 nodes.
      Class space:        1.00 GB reserved,      12.94 MB (  1%) committed,  1 nodes.
             Both:        1.09 GB reserved,      95.19 MB (  9%) committed. 

Chunk freelists:
   Non-Class:  1.31 MB
       Class:  2.89 MB
        Both:  4.20 MB

MaxMetaspaceSize: unlimited
CompressedClassSpaceSize: 1.00 GB
Initial GC threshold: 21.00 MB
Current GC threshold: 110.31 MB
CDS: off
MetaspaceReclaimPolicy: balanced
 - commit_granule_bytes: 65536.
 - commit_granule_words: 8192.
 - virtual_space_node_default_size: 1048576.
 - enlarge_chunks_in_place: 1.
 - new_chunks_are_fully_committed: 0.
 - uncommit_free_chunks: 1.
 - use_allocation_guard: 0.
 - handle_deallocations: 1.


Internal statistics:

num_allocs_failed_limit: 6.
num_arena_births: 1054.
num_arena_deaths: 0.
num_vsnodes_births: 12.
num_vsnodes_deaths: 0.
num_space_committed: 1523.
num_space_uncommitted: 0.
num_chunks_returned_to_freelist: 6.
num_chunks_taken_from_freelist: 4604.
num_chunk_merges: 6.
num_chunk_splits: 2990.
num_chunks_enlarged: 1956.
num_purges: 0.
num_inconsistent_stats: 0.

CodeHeap 'non-profiled nmethods': size=120000Kb used=4997Kb max_used=5376Kb free=115002Kb
 bounds [0x000002210f7e0000, 0x000002210fd20000, 0x0000022116d10000]
CodeHeap 'profiled nmethods': size=120000Kb used=20554Kb max_used=21109Kb free=99445Kb
 bounds [0x0000022107d10000, 0x00000221091c0000, 0x000002210f240000]
CodeHeap 'non-nmethods': size=5760Kb used=2407Kb max_used=2451Kb free=3352Kb
 bounds [0x000002210f240000, 0x000002210f4c0000, 0x000002210f7e0000]
 total_blobs=11302 nmethods=10358 adapters=855
 compilation: enabled
              stopped_count=0, restarted_count=0
 full_count=0

Compilation events (20 events):
Event: 73.015 Thread 0x000002211f028c00 nmethod 12100 0x0000022108323b90 code [0x0000022108323dc0, 0x0000022108324358]
Event: 73.015 Thread 0x000002211f028c00 12097       2       java.io.ObjectInputStream$BlockDataInputStream::currentBlockRemaining (41 bytes)
Event: 73.016 Thread 0x000002211f028c00 nmethod 12097 0x00000221082b5090 code [0x00000221082b5240, 0x00000221082b5448]
Event: 73.016 Thread 0x000002211f028c00 12102       2       java.io.ObjectInputStream$BlockDataInputStream::read (138 bytes)
Event: 73.017 Thread 0x000002211f028c00 nmethod 12102 0x00000221082b4890 code [0x00000221082b4a80, 0x00000221082b4ec8]
Event: 73.017 Thread 0x000002211f028c00 12105   !   2       jdk.internal.reflect.GeneratedSerializationConstructorAccessor84::newInstance (49 bytes)
Event: 73.019 Thread 0x000002211f028c00 nmethod 12105 0x00000221087bdb90 code [0x00000221087bdd60, 0x00000221087be068]
Event: 73.019 Thread 0x000002211f028c00 12096       2       java.io.ObjectStreamClass::setObjFieldValues (10 bytes)
Event: 73.020 Thread 0x000002211f028c00 nmethod 12096 0x0000022108323790 code [0x0000022108323920, 0x0000022108323a48]
Event: 73.020 Thread 0x000002211f028c00 12098       2       java.io.ObjectStreamClass$FieldReflector::setObjFieldValues (8 bytes)
Event: 73.020 Thread 0x000002211f028c00 nmethod 12098 0x000002210836f790 code [0x000002210836f920, 0x000002210836fa48]
Event: 73.020 Thread 0x000002211f028c00 12110 %     3       java.io.ObjectStreamClass$FieldReflector::setPrimFieldValues @ 14 (329 bytes)
Event: 73.022 Thread 0x000002211f028c00 nmethod 12110% 0x0000022108285b10 code [0x0000022108285d80, 0x0000022108286af8]
Event: 73.022 Thread 0x000002211f028c00 12104       2       java.io.ObjectStreamClass::setPrimFieldValues (10 bytes)
Event: 73.022 Thread 0x000002211f028c00 nmethod 12104 0x00000221087bd810 code [0x00000221087bd9a0, 0x00000221087bdac8]
Event: 73.022 Thread 0x000002211f028c00 12088       2       java.io.ObjectInputStream$GetField::<init> (5 bytes)
Event: 73.022 Thread 0x000002211f028c00 nmethod 12088 0x0000022108328490 code [0x0000022108328620, 0x0000022108328718]
Event: 73.022 Thread 0x000002211f028c00 12108   !   2       jdk.internal.reflect.GeneratedSerializationConstructorAccessor85::newInstance (49 bytes)
Event: 73.023 Thread 0x000002211f028c00 nmethod 12108 0x00000221087bd110 code [0x00000221087bd2e0, 0x00000221087bd5c8]
Event: 73.023 Thread 0x000002211f028c00 12111 % !   3       java.io.ObjectInputStream::readSerialData @ 485 (549 bytes)

GC Heap History (20 events):
Event: 53.950 GC heap before
{Heap before GC invocations=41 (full 0):
 garbage-first heap   total 113664K, used 90363K [0x0000000080000000, 0x0000000100000000)
  region size 1024K, 35 young (35840K), 5 survivors (5120K)
 Metaspace       used 79960K, committed 80512K, reserved 1122304K
  class space    used 10750K, committed 11008K, reserved 1048576K
}
Event: 53.958 GC heap after
{Heap after GC invocations=42 (full 0):
 garbage-first heap   total 113664K, used 62093K [0x0000000080000000, 0x0000000100000000)
  region size 1024K, 5 young (5120K), 5 survivors (5120K)
 Metaspace       used 79960K, committed 80512K, reserved 1122304K
  class space    used 10750K, committed 11008K, reserved 1048576K
}
Event: 55.216 GC heap before
{Heap before GC invocations=42 (full 0):
 garbage-first heap   total 113664K, used 91789K [0x0000000080000000, 0x0000000100000000)
  region size 1024K, 34 young (34816K), 5 survivors (5120K)
 Metaspace       used 83126K, committed 83648K, reserved 1122304K
  class space    used 11262K, committed 11520K, reserved 1048576K
}
Event: 55.225 GC heap after
{Heap after GC invocations=43 (full 0):
 garbage-first heap   total 113664K, used 63728K [0x0000000080000000, 0x0000000100000000)
  region size 1024K, 4 young (4096K), 4 survivors (4096K)
 Metaspace       used 83126K, committed 83648K, reserved 1122304K
  class space    used 11262K, committed 11520K, reserved 1048576K
}
Event: 57.445 GC heap before
{Heap before GC invocations=43 (full 0):
 garbage-first heap   total 113664K, used 92400K [0x0000000080000000, 0x0000000100000000)
  region size 1024K, 32 young (32768K), 4 survivors (4096K)
 Metaspace       used 86197K, committed 86784K, reserved 1130496K
  class space    used 11652K, committed 11968K, reserved 1048576K
}
Event: 57.456 GC heap after
{Heap after GC invocations=44 (full 0):
 garbage-first heap   total 113664K, used 66557K [0x0000000080000000, 0x0000000100000000)
  region size 1024K, 4 young (4096K), 4 survivors (4096K)
 Metaspace       used 86197K, committed 86784K, reserved 1130496K
  class space    used 11652K, committed 11968K, reserved 1048576K
}
Event: 58.406 GC heap before
{Heap before GC invocations=44 (full 0):
 garbage-first heap   total 113664K, used 93181K [0x0000000080000000, 0x0000000100000000)
  region size 1024K, 30 young (30720K), 4 survivors (4096K)
 Metaspace       used 86711K, committed 87360K, reserved 1130496K
  class space    used 11719K, committed 12032K, reserved 1048576K
}
Event: 58.418 GC heap after
{Heap after GC invocations=45 (full 0):
 garbage-first heap   total 113664K, used 70868K [0x0000000080000000, 0x0000000100000000)
  region size 1024K, 4 young (4096K), 4 survivors (4096K)
 Metaspace       used 86711K, committed 87360K, reserved 1130496K
  class space    used 11719K, committed 12032K, reserved 1048576K
}
Event: 59.078 GC heap before
{Heap before GC invocations=45 (full 0):
 garbage-first heap   total 113664K, used 92372K [0x0000000080000000, 0x0000000100000000)
  region size 1024K, 26 young (26624K), 4 survivors (4096K)
 Metaspace       used 87078K, committed 87680K, reserved 1130496K
  class space    used 11745K, committed 12032K, reserved 1048576K
}
Event: 59.089 GC heap after
{Heap after GC invocations=46 (full 0):
 garbage-first heap   total 113664K, used 74976K [0x0000000080000000, 0x0000000100000000)
  region size 1024K, 4 young (4096K), 4 survivors (4096K)
 Metaspace       used 87078K, committed 87680K, reserved 1130496K
  class space    used 11745K, committed 12032K, reserved 1048576K
}
Event: 60.486 GC heap before
{Heap before GC invocations=46 (full 0):
 garbage-first heap   total 113664K, used 92384K [0x0000000080000000, 0x0000000100000000)
  region size 1024K, 22 young (22528K), 4 survivors (4096K)
 Metaspace       used 89784K, committed 90368K, reserved 1130496K
  class space    used 12130K, committed 12416K, reserved 1048576K
}
Event: 60.500 GC heap after
{Heap after GC invocations=47 (full 0):
 garbage-first heap   total 173056K, used 77799K [0x0000000080000000, 0x0000000100000000)
  region size 1024K, 3 young (3072K), 3 survivors (3072K)
 Metaspace       used 89784K, committed 90368K, reserved 1130496K
  class space    used 12130K, committed 12416K, reserved 1048576K
}
Event: 64.535 GC heap before
{Heap before GC invocations=47 (full 0):
 garbage-first heap   total 173056K, used 130023K [0x0000000080000000, 0x0000000100000000)
  region size 1024K, 55 young (56320K), 3 survivors (3072K)
 Metaspace       used 91576K, committed 92224K, reserved 1130496K
  class space    used 12384K, committed 12672K, reserved 1048576K
}
Event: 64.551 GC heap after
{Heap after GC invocations=48 (full 0):
 garbage-first heap   total 173056K, used 81552K [0x0000000080000000, 0x0000000100000000)
  region size 1024K, 7 young (7168K), 7 survivors (7168K)
 Metaspace       used 91576K, committed 92224K, reserved 1130496K
  class space    used 12384K, committed 12672K, reserved 1048576K
}
Event: 69.085 GC heap before
{Heap before GC invocations=48 (full 0):
 garbage-first heap   total 173056K, used 132752K [0x0000000080000000, 0x0000000100000000)
  region size 1024K, 58 young (59392K), 7 survivors (7168K)
 Metaspace       used 94805K, committed 95488K, reserved 1138688K
  class space    used 12746K, committed 13056K, reserved 1048576K
}
Event: 69.101 GC heap after
{Heap after GC invocations=49 (full 0):
 garbage-first heap   total 173056K, used 86388K [0x0000000080000000, 0x0000000100000000)
  region size 1024K, 8 young (8192K), 8 survivors (8192K)
 Metaspace       used 94805K, committed 95488K, reserved 1138688K
  class space    used 12746K, committed 13056K, reserved 1048576K
}
Event: 70.964 GC heap before
{Heap before GC invocations=49 (full 0):
 garbage-first heap   total 173056K, used 138612K [0x0000000080000000, 0x0000000100000000)
  region size 1024K, 56 young (57344K), 8 survivors (8192K)
 Metaspace       used 95798K, committed 96512K, reserved 1138688K
  class space    used 12826K, committed 13184K, reserved 1048576K
}
Event: 70.989 GC heap after
{Heap after GC invocations=50 (full 0):
 garbage-first heap   total 173056K, used 105275K [0x0000000080000000, 0x0000000100000000)
  region size 1024K, 7 young (7168K), 7 survivors (7168K)
 Metaspace       used 95798K, committed 96512K, reserved 1138688K
  class space    used 12826K, committed 13184K, reserved 1048576K
}
Event: 72.714 GC heap before
{Heap before GC invocations=50 (full 0):
 garbage-first heap   total 173056K, used 146235K [0x0000000080000000, 0x0000000100000000)
  region size 1024K, 38 young (38912K), 7 survivors (7168K)
 Metaspace       used 95961K, committed 96704K, reserved 1138688K
  class space    used 12833K, committed 13184K, reserved 1048576K
}
Event: 72.735 GC heap after
{Heap after GC invocations=51 (full 0):
 garbage-first heap   total 173056K, used 116228K [0x0000000080000000, 0x0000000100000000)
  region size 1024K, 5 young (5120K), 5 survivors (5120K)
 Metaspace       used 95961K, committed 96704K, reserved 1138688K
  class space    used 12833K, committed 13184K, reserved 1048576K
}

Dll operation events (2 events):
Event: 0.029 Loaded shared library C:\Program Files\Android\Android Studio\jbr\bin\java.dll
Event: 1.475 Loaded shared library C:\Program Files\Android\Android Studio\jbr\bin\verify.dll

Deoptimization events (20 events):
Event: 72.464 Thread 0x0000022123607c20 Uncommon trap: trap_request=0xffffffc6 fr.pc=0x000002210f84ea80 relative=0x0000000000000500
Event: 72.464 Thread 0x0000022123607c20 Uncommon trap: reason=bimorphic_or_optimized_type_check action=maybe_recompile pc=0x000002210f84ea80 method=org.apache.xerces.dom.ParentNode.checkNormalizationAfterInsert(Lorg/apache/xerces/dom/ChildNode;)V @ 23 c2
Event: 72.464 Thread 0x0000022123607c20 DEOPT PACKING pc=0x000002210f84ea80 sp=0x0000002a66bfa860
Event: 72.464 Thread 0x0000022123607c20 DEOPT UNPACKING pc=0x000002210f2969a3 sp=0x0000002a66bfa790 mode 2
Event: 72.647 Thread 0x0000022123607c20 Uncommon trap: trap_request=0xffffff45 fr.pc=0x000002210faa18e0 relative=0x0000000000002a80
Event: 72.647 Thread 0x0000022123607c20 Uncommon trap: reason=unstable_if action=reinterpret pc=0x000002210faa18e0 method=com.android.utils.XmlUtils.toXmlAttributeValue(Ljava/lang/String;)Ljava/lang/String; @ 33 c2
Event: 72.647 Thread 0x0000022123607c20 DEOPT PACKING pc=0x000002210faa18e0 sp=0x0000002a66bfa890
Event: 72.648 Thread 0x0000022123607c20 DEOPT UNPACKING pc=0x000002210f2969a3 sp=0x0000002a66bfa7c8 mode 2
Event: 72.648 Thread 0x0000022123607c20 Uncommon trap: trap_request=0xffffff45 fr.pc=0x000002210fc5452c relative=0x000000000000038c
Event: 72.648 Thread 0x0000022123607c20 Uncommon trap: reason=unstable_if action=reinterpret pc=0x000002210fc5452c method=com.android.utils.XmlUtils.toXmlAttributeValue(Ljava/lang/String;)Ljava/lang/String; @ 33 c2
Event: 72.648 Thread 0x0000022123607c20 DEOPT PACKING pc=0x000002210fc5452c sp=0x0000002a66bfa830
Event: 72.649 Thread 0x0000022123607c20 DEOPT UNPACKING pc=0x000002210f2969a3 sp=0x0000002a66bfa7b8 mode 2
Event: 72.777 Thread 0x0000022123607c20 Uncommon trap: trap_request=0xffffff45 fr.pc=0x000002210f818a20 relative=0x00000000000004e0
Event: 72.777 Thread 0x0000022123607c20 Uncommon trap: reason=unstable_if action=reinterpret pc=0x000002210f818a20 method=java.lang.AbstractStringBuilder.putStringAt(ILjava/lang/String;II)V @ 8 c2
Event: 72.777 Thread 0x0000022123607c20 DEOPT PACKING pc=0x000002210f818a20 sp=0x0000002a66bfa8e0
Event: 72.777 Thread 0x0000022123607c20 DEOPT UNPACKING pc=0x000002210f2969a3 sp=0x0000002a66bfa758 mode 2
Event: 72.777 Thread 0x0000022123607c20 Uncommon trap: trap_request=0xffffff45 fr.pc=0x000002210faa32d4 relative=0x0000000000004474
Event: 72.777 Thread 0x0000022123607c20 Uncommon trap: reason=unstable_if action=reinterpret pc=0x000002210faa32d4 method=com.android.utils.XmlUtils.append(Lcom/android/utils/XmlUtils$PositionAwareStringBuilder;Lorg/w3c/dom/Node;Ljava/util/Map;Ljava/util/Set;)V @ 516 c2
Event: 72.777 Thread 0x0000022123607c20 DEOPT PACKING pc=0x000002210faa32d4 sp=0x0000002a66bfa960
Event: 72.777 Thread 0x0000022123607c20 DEOPT UNPACKING pc=0x000002210f2969a3 sp=0x0000002a66bfa928 mode 2

Classes unloaded (0 events):
No events

Classes redefined (0 events):
No events

Internal exceptions (20 events):
Event: 70.679 Thread 0x0000022123607c20 Exception <a 'java/lang/NoSuchMethodError'{0x0000000087f8a8a8}: static Ljava/lang/Object;.<clinit>()V> (0x0000000087f8a8a8) 
thrown [s\src\hotspot\share\prims\jni.cpp, line 1108]
Event: 70.682 Thread 0x0000022123607c20 Exception <a 'java/lang/NoSuchMethodError'{0x0000000087fa6398}: static Ljava/lang/Object;.<clinit>()V> (0x0000000087fa6398) 
thrown [s\src\hotspot\share\prims\jni.cpp, line 1108]
Event: 70.683 Thread 0x0000022123607c20 Exception <a 'java/lang/NoSuchMethodError'{0x0000000087fbc158}: static [Lcom/android/ide/common/resources/configuration/ResourceQualifier;.<clinit>()V> (0x0000000087fbc158) 
thrown [s\src\hotspot\share\prims\jni.cpp, line 1108]
Event: 70.687 Thread 0x0000022123607c20 Exception <a 'java/lang/NoSuchMethodError'{0x0000000087feff58}: static Lcom/android/ide/common/resources/configuration/EnumBasedResourceQualifier;.<clinit>()V> (0x0000000087feff58) 
thrown [s\src\hotspot\share\prims\jni.cpp, line 1108]
Event: 70.688 Thread 0x0000022123607c20 Exception <a 'java/lang/NoSuchMethodError'{0x0000000087ff3358}: static Lcom/android/ide/common/resources/configuration/EnumBasedResourceQualifier;.<clinit>()V> (0x0000000087ff3358) 
thrown [s\src\hotspot\share\prims\jni.cpp, line 1108]
Event: 70.688 Thread 0x0000022123607c20 Exception <a 'java/lang/NoSuchMethodError'{0x0000000087ff5f70}: static Lcom/android/ide/common/resources/configuration/ResourceQualifier;.<clinit>()V> (0x0000000087ff5f70) 
thrown [s\src\hotspot\share\prims\jni.cpp, line 1108]
Event: 70.691 Thread 0x0000022123607c20 Exception <a 'java/lang/NoSuchMethodError'{0x0000000087e0db18}: static Lcom/android/ide/common/resources/configuration/EnumBasedResourceQualifier;.<clinit>()V> (0x0000000087e0db18) 
thrown [s\src\hotspot\share\prims\jni.cpp, line 1108]
Event: 70.694 Thread 0x0000022123607c20 Exception <a 'java/lang/NoSuchMethodError'{0x0000000087e244a0}: static Lcom/android/ide/common/resources/configuration/EnumBasedResourceQualifier;.<clinit>()V> (0x0000000087e244a0) 
thrown [s\src\hotspot\share\prims\jni.cpp, line 1108]
Event: 70.696 Thread 0x0000022123607c20 Exception <a 'java/lang/NoSuchMethodError'{0x0000000087e38aa0}: static Lcom/android/ide/common/resources/configuration/ResourceQualifier;.<clinit>()V> (0x0000000087e38aa0) 
thrown [s\src\hotspot\share\prims\jni.cpp, line 1108]
Event: 70.700 Thread 0x0000022123607c20 Exception <a 'java/lang/NoSuchMethodError'{0x0000000087e55c50}: static Lcom/android/ide/common/rendering/api/ResourceNamespace$ResAutoNamespace;.<clinit>()V> (0x0000000087e55c50) 
thrown [s\src\hotspot\share\prims\jni.cpp, line 1108]
Event: 70.700 Thread 0x0000022123607c20 Exception <a 'java/lang/NoSuchMethodError'{0x0000000087e591c8}: static Ljava/lang/Object;.<clinit>()V> (0x0000000087e591c8) 
thrown [s\src\hotspot\share\prims\jni.cpp, line 1108]
Event: 70.704 Thread 0x0000022123607c20 Exception <a 'java/lang/NoSuchMethodError'{0x0000000087e7b4a8}: static Lcom/android/build/gradle/tasks/MergeResources$MergeResourcesVectorDrawableRenderer;.<clinit>()V> (0x0000000087e7b4a8) 
thrown [s\src\hotspot\share\prims\jni.cpp, line 1108]
Event: 70.705 Thread 0x0000022123607c20 Exception <a 'java/lang/NoSuchMethodError'{0x0000000087e7dee8}: static Ljava/lang/Object;.<clinit>()V> (0x0000000087e7dee8) 
thrown [s\src\hotspot\share\prims\jni.cpp, line 1108]
Event: 70.706 Thread 0x0000022123607c20 Exception <a 'java/lang/NoSuchMethodError'{0x0000000087e906c0}: static Lcom/android/build/gradle/internal/LoggerWrapper$LoggerSupplier;.<clinit>()V> (0x0000000087e906c0) 
thrown [s\src\hotspot\share\prims\jni.cpp, line 1108]
Event: 72.777 Thread 0x0000022123607c20 Implicit null exception at 0x000002210faa07f4 to 0x000002210faa32ac
Event: 72.908 Thread 0x0000022123607c20 Exception <a 'java/lang/NoSuchMethodError'{0x000000008a7e7528}: static Lcom/android/ide/common/resources/CompileResourceRequest;.<clinit>()V> (0x000000008a7e7528) 
thrown [s\src\hotspot\share\prims\jni.cpp, line 1108]
Event: 72.911 Thread 0x0000022123607c20 Exception <a 'java/lang/NoSuchMethodError'{0x000000008a7fdf10}: static Ljava/lang/Object;.<clinit>()V> (0x000000008a7fdf10) 
thrown [s\src\hotspot\share\prims\jni.cpp, line 1108]
Event: 72.913 Thread 0x0000022123607c20 Exception <a 'java/lang/NoSuchMethodError'{0x000000008a610190}: static Ljava/lang/Object;.<clinit>()V> (0x000000008a610190) 
thrown [s\src\hotspot\share\prims\jni.cpp, line 1108]
Event: 72.915 Thread 0x0000022123607c20 Exception <a 'java/lang/NoSuchMethodError'{0x000000008a621840}: static Ljava/lang/Object;.<clinit>()V> (0x000000008a621840) 
thrown [s\src\hotspot\share\prims\jni.cpp, line 1108]
Event: 72.943 Thread 0x0000022123607c20 Exception <a 'java/lang/NoSuchMethodError'{0x000000008a504818}: static Lkotlin/InitializedLazyImpl;.<clinit>()V> (0x000000008a504818) 
thrown [s\src\hotspot\share\prims\jni.cpp, line 1108]

VM Operations (20 events):
Event: 69.085 Executing VM operation: G1CollectForAllocation
Event: 69.102 Executing VM operation: G1CollectForAllocation done
Event: 69.778 Executing VM operation: HandshakeAllThreads
Event: 69.795 Executing VM operation: HandshakeAllThreads done
Event: 69.833 Executing VM operation: ICBufferFull
Event: 69.833 Executing VM operation: ICBufferFull done
Event: 69.857 Executing VM operation: HandshakeAllThreads
Event: 69.857 Executing VM operation: HandshakeAllThreads done
Event: 69.897 Executing VM operation: HandshakeAllThreads
Event: 69.898 Executing VM operation: HandshakeAllThreads done
Event: 70.446 Executing VM operation: HandshakeAllThreads
Event: 70.446 Executing VM operation: HandshakeAllThreads done
Event: 70.802 Executing VM operation: HandshakeAllThreads
Event: 70.802 Executing VM operation: HandshakeAllThreads done
Event: 70.963 Executing VM operation: G1CollectForAllocation
Event: 70.989 Executing VM operation: G1CollectForAllocation done
Event: 71.989 Executing VM operation: Cleanup
Event: 71.989 Executing VM operation: Cleanup done
Event: 72.714 Executing VM operation: G1CollectForAllocation
Event: 72.735 Executing VM operation: G1CollectForAllocation done

Events (20 events):
Event: 70.498 loading class java/util/concurrent/ConcurrentLinkedDeque
Event: 70.500 loading class java/util/concurrent/ConcurrentLinkedDeque done
Event: 70.500 loading class java/util/concurrent/ConcurrentLinkedDeque$Node
Event: 70.500 loading class java/util/concurrent/ConcurrentLinkedDeque$Node done
Event: 70.708 Thread 0x0000022123609dd0 Thread added: 0x0000022123609dd0
Event: 70.808 loading class org/w3c/dom/DOMImplementation
Event: 70.808 loading class org/w3c/dom/DOMImplementation done
Event: 70.809 loading class org/w3c/dom/ls/DOMImplementationLS
Event: 70.809 loading class org/w3c/dom/ls/DOMImplementationLS done
Event: 70.810 loading class org/w3c/dom/ls/LSSerializer
Event: 70.810 loading class org/w3c/dom/ls/LSSerializer done
Event: 70.810 loading class org/w3c/dom/ls/LSOutput
Event: 70.811 loading class org/w3c/dom/ls/LSOutput done
Event: 70.811 loading class org/w3c/dom/ls/LSParser
Event: 70.811 loading class org/w3c/dom/ls/LSParser done
Event: 70.811 loading class org/w3c/dom/ls/LSInput
Event: 70.812 loading class org/w3c/dom/ls/LSInput done
Event: 72.975 Thread 0x000002212360cdf0 Thread added: 0x000002212360cdf0
Event: 72.992 Thread 0x000002212360d2c0 Thread added: 0x000002212360d2c0
Event: 73.023 Thread 0x0000022126329aa0 Thread added: 0x0000022126329aa0


Dynamic libraries:
0x00007ff7ce310000 - 0x00007ff7ce31a000 	C:\Program Files\Android\Android Studio\jbr\bin\java.exe
0x00007ffb6efb0000 - 0x00007ffb6f1c4000 	C:\WINDOWS\SYSTEM32\ntdll.dll
0x00007ffb6d8b0000 - 0x00007ffb6d972000 	C:\WINDOWS\System32\KERNEL32.DLL
0x00007ffb6c710000 - 0x00007ffb6cab3000 	C:\WINDOWS\System32\KERNELBASE.dll
0x00007ffb6c5f0000 - 0x00007ffb6c701000 	C:\WINDOWS\System32\ucrtbase.dll
0x00007ffb480a0000 - 0x00007ffb480b7000 	C:\Program Files\Android\Android Studio\jbr\bin\jli.dll
0x00007ffb3cdd0000 - 0x00007ffb3cdeb000 	C:\Program Files\Android\Android Studio\jbr\bin\VCRUNTIME140.dll
0x00007ffb6e370000 - 0x00007ffb6e51b000 	C:\WINDOWS\System32\USER32.dll
0x00007ffb6cbf0000 - 0x00007ffb6cc16000 	C:\WINDOWS\System32\win32u.dll
0x00007ffb6e9e0000 - 0x00007ffb6ea09000 	C:\WINDOWS\System32\GDI32.dll
0x00007ffb53fa0000 - 0x00007ffb5422e000 	C:\WINDOWS\WinSxS\amd64_microsoft.windows.common-controls_6595b64144ccf1df_6.0.22621.1635_none_270f70857386168e\COMCTL32.dll
0x00007ffb6c3b0000 - 0x00007ffb6c4c9000 	C:\WINDOWS\System32\gdi32full.dll
0x00007ffb6e2b0000 - 0x00007ffb6e357000 	C:\WINDOWS\System32\msvcrt.dll
0x00007ffb6c4d0000 - 0x00007ffb6c56a000 	C:\WINDOWS\System32\msvcp_win.dll
0x00007ffb6da70000 - 0x00007ffb6daa1000 	C:\WINDOWS\System32\IMM32.DLL
0x00007ffb57410000 - 0x00007ffb5741c000 	C:\Program Files\Android\Android Studio\jbr\bin\vcruntime140_1.dll
0x00007ffb0b030000 - 0x00007ffb0b0bd000 	C:\Program Files\Android\Android Studio\jbr\bin\msvcp140.dll
0x00007ffb04f70000 - 0x00007ffb05bdd000 	C:\Program Files\Android\Android Studio\jbr\bin\server\jvm.dll
0x00007ffb6d1a0000 - 0x00007ffb6d24e000 	C:\WINDOWS\System32\ADVAPI32.dll
0x00007ffb6cf00000 - 0x00007ffb6cfa4000 	C:\WINDOWS\System32\sechost.dll
0x00007ffb6d250000 - 0x00007ffb6d367000 	C:\WINDOWS\System32\RPCRT4.dll
0x00007ffb68110000 - 0x00007ffb68119000 	C:\WINDOWS\SYSTEM32\WSOCK32.dll
0x00007ffb62280000 - 0x00007ffb6228a000 	C:\WINDOWS\SYSTEM32\VERSION.dll
0x00007ffb67200000 - 0x00007ffb67234000 	C:\WINDOWS\SYSTEM32\WINMM.dll
0x00007ffb6d9f0000 - 0x00007ffb6da61000 	C:\WINDOWS\System32\WS2_32.dll
0x00007ffb6b400000 - 0x00007ffb6b418000 	C:\WINDOWS\SYSTEM32\kernel.appcore.dll
0x00007ffb638e0000 - 0x00007ffb638ea000 	C:\Program Files\Android\Android Studio\jbr\bin\jimage.dll
0x00007ffb69e80000 - 0x00007ffb6a0ae000 	C:\WINDOWS\SYSTEM32\DBGHELP.DLL
0x00007ffb6e520000 - 0x00007ffb6e8a9000 	C:\WINDOWS\System32\combase.dll
0x00007ffb6ee90000 - 0x00007ffb6ef67000 	C:\WINDOWS\System32\OLEAUT32.dll
0x00007ffb635d0000 - 0x00007ffb63602000 	C:\WINDOWS\SYSTEM32\dbgcore.DLL
0x00007ffb6c570000 - 0x00007ffb6c5eb000 	C:\WINDOWS\System32\bcryptPrimitives.dll
0x00007ffb5def0000 - 0x00007ffb5df15000 	C:\Program Files\Android\Android Studio\jbr\bin\java.dll
0x00007ffb62230000 - 0x00007ffb62248000 	C:\Program Files\Android\Android Studio\jbr\bin\zip.dll
0x00007ffb6dab0000 - 0x00007ffb6e2aa000 	C:\WINDOWS\System32\SHELL32.dll
0x00007ffb6a3b0000 - 0x00007ffb6ac7e000 	C:\WINDOWS\SYSTEM32\windows.storage.dll
0x00007ffb6a270000 - 0x00007ffb6a3ae000 	C:\WINDOWS\SYSTEM32\wintypes.dll
0x00007ffb6e8d0000 - 0x00007ffb6e9c1000 	C:\WINDOWS\System32\SHCORE.dll
0x00007ffb6d530000 - 0x00007ffb6d58e000 	C:\WINDOWS\System32\shlwapi.dll
0x00007ffb6c2e0000 - 0x00007ffb6c301000 	C:\WINDOWS\SYSTEM32\profapi.dll
0x00007ffb5ded0000 - 0x00007ffb5dee9000 	C:\Program Files\Android\Android Studio\jbr\bin\net.dll
0x00007ffb67240000 - 0x00007ffb67377000 	C:\WINDOWS\SYSTEM32\WINHTTP.dll
0x00007ffb6b870000 - 0x00007ffb6b8d9000 	C:\WINDOWS\system32\mswsock.dll
0x00007ffb5deb0000 - 0x00007ffb5dec6000 	C:\Program Files\Android\Android Studio\jbr\bin\nio.dll
0x00007ffb5e2e0000 - 0x00007ffb5e2f0000 	C:\Program Files\Android\Android Studio\jbr\bin\verify.dll
0x00007ffb51020000 - 0x00007ffb51047000 	C:\Users\noobs\.gradle\native\68d5fa5c4cc2d200863cafc0d521ce42e7d3e7ee720ec0a83991735586a16f82\windows-amd64\native-platform.dll
0x00007ffb01be0000 - 0x00007ffb01d24000 	C:\Users\noobs\.gradle\native\e376f236ea51e6404a007f0833ffe2c6e607c4080706a723a18a27aeea778392\windows-amd64\native-platform-file-events.dll
0x00007ffb62e10000 - 0x00007ffb62e19000 	C:\Program Files\Android\Android Studio\jbr\bin\management.dll
0x00007ffb62790000 - 0x00007ffb6279b000 	C:\Program Files\Android\Android Studio\jbr\bin\management_ext.dll
0x00007ffb6e9d0000 - 0x00007ffb6e9d8000 	C:\WINDOWS\System32\PSAPI.DLL
0x00007ffb6bad0000 - 0x00007ffb6baeb000 	C:\WINDOWS\SYSTEM32\CRYPTSP.dll
0x00007ffb6b370000 - 0x00007ffb6b3a5000 	C:\WINDOWS\system32\rsaenh.dll
0x00007ffb6b970000 - 0x00007ffb6b998000 	C:\WINDOWS\SYSTEM32\USERENV.dll
0x00007ffb6bc90000 - 0x00007ffb6bcb8000 	C:\WINDOWS\SYSTEM32\bcrypt.dll
0x00007ffb6baf0000 - 0x00007ffb6bafc000 	C:\WINDOWS\SYSTEM32\CRYPTBASE.dll
0x00007ffb6af20000 - 0x00007ffb6af4d000 	C:\WINDOWS\SYSTEM32\IPHLPAPI.DLL
0x00007ffb6d0e0000 - 0x00007ffb6d0e9000 	C:\WINDOWS\System32\NSI.dll
0x00007ffb67140000 - 0x00007ffb67159000 	C:\WINDOWS\SYSTEM32\dhcpcsvc6.DLL
0x00007ffb67120000 - 0x00007ffb6713f000 	C:\WINDOWS\SYSTEM32\dhcpcsvc.DLL
0x00007ffb6afa0000 - 0x00007ffb6b093000 	C:\WINDOWS\SYSTEM32\DNSAPI.dll
0x00007ffb5a9c0000 - 0x00007ffb5a9c8000 	C:\WINDOWS\system32\wshunix.dll
0x00007ffb61180000 - 0x00007ffb6118a000 	C:\Windows\System32\rasadhlp.dll

dbghelp: loaded successfully - version: 4.0.5 - missing functions: none
symbol engine: initialized successfully - sym options: 0x614 - pdb path: .;C:\Program Files\Android\Android Studio\jbr\bin;C:\WINDOWS\SYSTEM32;C:\WINDOWS\WinSxS\amd64_microsoft.windows.common-controls_6595b64144ccf1df_6.0.22621.1635_none_270f70857386168e;C:\Program Files\Android\Android Studio\jbr\bin\server;C:\Users\noobs\.gradle\native\68d5fa5c4cc2d200863cafc0d521ce42e7d3e7ee720ec0a83991735586a16f82\windows-amd64;C:\Users\noobs\.gradle\native\e376f236ea51e6404a007f0833ffe2c6e607c4080706a723a18a27aeea778392\windows-amd64

VM Arguments:
jvm_args: --add-opens=java.base/java.util=ALL-UNNAMED --add-opens=java.base/java.lang=ALL-UNNAMED --add-opens=java.base/java.lang.invoke=ALL-UNNAMED --add-opens=java.prefs/java.util.prefs=ALL-UNNAMED --add-opens=java.base/java.nio.charset=ALL-UNNAMED --add-opens=java.base/java.net=ALL-UNNAMED --add-opens=java.base/java.util.concurrent.atomic=ALL-UNNAMED -Xmx2048m -Dfile.encoding=UTF-8 -Duser.country=IN -Duser.language=en -Duser.variant 
java_command: org.gradle.launcher.daemon.bootstrap.GradleDaemon 8.0
java_class_path (initial): C:\Users\noobs\.gradle\wrapper\dists\gradle-8.0-bin\ca5e32bp14vu59qr306oxotwh\gradle-8.0\lib\gradle-launcher-8.0.jar
Launcher Type: SUN_STANDARD

[Global flags]
     intx CICompilerCount                          = 4                                         {product} {ergonomic}
     uint ConcGCThreads                            = 2                                         {product} {ergonomic}
     uint G1ConcRefinementThreads                  = 8                                         {product} {ergonomic}
   size_t G1HeapRegionSize                         = 1048576                                   {product} {ergonomic}
    uintx GCDrainStackTargetSize                   = 64                                        {product} {ergonomic}
   size_t InitialHeapSize                          = 100663296                                 {product} {ergonomic}
   size_t MarkStackSize                            = 4194304                                   {product} {ergonomic}
   size_t MaxHeapSize                              = 2147483648                                {product} {command line}
   size_t MaxNewSize                               = 1287651328                                {product} {ergonomic}
   size_t MinHeapDeltaBytes                        = 1048576                                   {product} {ergonomic}
   size_t MinHeapSize                              = 8388608                                   {product} {ergonomic}
    uintx NonNMethodCodeHeapSize                   = 5839372                                {pd product} {ergonomic}
    uintx NonProfiledCodeHeapSize                  = 122909434                              {pd product} {ergonomic}
    uintx ProfiledCodeHeapSize                     = 122909434                              {pd product} {ergonomic}
    uintx ReservedCodeCacheSize                    = 251658240                              {pd product} {ergonomic}
     bool SegmentedCodeCache                       = true                                      {product} {ergonomic}
   size_t SoftMaxHeapSize                          = 2147483648                             {manageable} {ergonomic}
     bool UseCompressedClassPointers               = true                           {product lp64_product} {ergonomic}
     bool UseCompressedOops                        = true                           {product lp64_product} {ergonomic}
     bool UseG1GC                                  = true                                      {product} {ergonomic}
     bool UseLargePagesIndividualAllocation        = false                                  {pd product} {ergonomic}

Logging:
Log output configuration:
 #0: stdout all=warning uptime,level,tags
 #1: stderr all=off uptime,level,tags

Environment Variables:
PATH=C:\Program Files\Common Files\Oracle\Java\javapath;C:\WINDOWS\system32;C:\WINDOWS;C:\WINDOWS\System32\Wbem;C:\WINDOWS\System32\WindowsPowerShell\v1.0\;C:\WINDOWS\System32\OpenSSH\;C:\MinGW\bin;C:\Users\noobs\.jdks\openjdk-19.0.1\bin;C:\Program Files\Git\cmd;C:\Program Files\MySQL\MySQL Shell 8.0\bin\;C:\Users\noobs\AppData\Local\Microsoft\WindowsApps;C:\Program Files\JetBrains\IntelliJ IDEA Community Edition 2022.2.3\bin;;C:\Users\noobs\AppData\Local\Programs\Microsoft VS Code\bin;C:\Users\noobs\Downloads\flutter_windows_3.13.3-stable\flutter\bin;
USERNAME=noobs
OS=Windows_NT
PROCESSOR_IDENTIFIER=AMD64 Family 23 Model 24 Stepping 1, AuthenticAMD
TMP=C:\Users\noobs\AppData\Local\Temp
TEMP=C:\Users\noobs\AppData\Local\Temp



---------------  S Y S T E M  ---------------

OS:
 Windows 11 , 64 bit Build 22621 (10.0.22621.1778)
OS uptime: 50 days 23:40 hours

CPU: total 8 (initial active 8) (8 cores per cpu, 2 threads per core) family 23 model 24 stepping 1 microcode 0x0, cx8, cmov, fxsr, ht, mmx, 3dnowpref, sse, sse2, sse3, ssse3, sse4a, sse4.1, sse4.2, popcnt, lzcnt, tsc, tscinvbit, avx, avx2, aes, clmul, bmi1, bmi2, adx, sha, fma, vzeroupper, clflush, clflushopt

Memory: 4k page, system-wide physical 6078M (89M free)
TotalPageFile size 24510M (AvailPageFile size 6M)
current process WorkingSet (physical memory assigned to process): 374M, peak: 380M
current process commit charge ("private bytes"): 450M, peak: 455M

vm_info: OpenJDK 64-Bit Server VM (17.0.6+0-b2043.56-9586694) for windows-amd64 JRE (17.0.6+0-b2043.56-9586694), built on Feb  9 2023 20:06:20 by "androidbuild" with MS VC++ 16.10 / 16.11 (VS2019)

END.
